This is LuaHBTeX, Version 1.17.1 (MiKTeX 24.1) (format=lualatex 2025.10.9)  24 JAN 2026 11:55
 restricted system commands enabled.
**main.tex
(./main.tex
LaTeX2e <2023-11-01> patch level 1
L3 programming layer <2024-01-04>
Lua module: luaotfload 2023-08-31 3.26 Lua based OpenType font support
Lua module: lualibs 2023-07-13 2.76 ConTeXt Lua standard libraries.
Lua module: lualibs-extended 2023-07-13 2.76 ConTeXt Lua libraries -- extended c
ollection.
luaotfload | conf : Root cache directory is "C:/Users/Usuário/AppData/Local/MiK
TeX/luatex-cache/generic/names".
luaotfload | init : Loading fontloader "fontloader-2023-08-19.lua" from kpse-res
olved path "C:/Users/Usuário/AppData/Local/Programs/MiKTeX/tex/luatex/luaotfloa
d/fontloader-2023-08-19.lua".
Lua-only attribute luaotfload@noligature = 1
luaotfload | init : Context OpenType loader version 3.133
Inserting `luaotfload.node_processor' in `pre_linebreak_filter'.
Inserting `luaotfload.node_processor' in `hpack_filter'.
Inserting `luaotfload.glyph_stream' in `glyph_stream_provider'.
Inserting `luaotfload.define_font' in `define_font'.
Lua-only attribute luaotfload_color_attribute = 2
luaotfload | conf : Root cache directory is "C:/Users/Usuário/AppData/Local/MiK
TeX/luatex-cache/generic/names".
Inserting `luaotfload.harf.strip_prefix' in `find_opentype_file'.
Inserting `luaotfload.harf.strip_prefix' in `find_truetype_file'.
Removing  `luaotfload.glyph_stream' from `glyph_stream_provider'.
Inserting `luaotfload.harf.glyphstream' in `glyph_stream_provider'.
Inserting `luaotfload.harf.finalize_vlist' in `post_linebreak_filter'.
Inserting `luaotfload.harf.finalize_hlist' in `hpack_filter'.
Inserting `luaotfload.cleanup_files' in `wrapup_run'.
Inserting `luaotfload.harf.finalize_unicode' in `finish_pdffile'.
Inserting `luaotfload.glyphinfo' in `glyph_info'.
Lua-only attribute luaotfload.letterspace_done = 3
Inserting `luaotfload.aux.set_sscale_dimens' in `luaotfload.patch_font'.
Inserting `luaotfload.aux.set_font_index' in `luaotfload.patch_font'.
Inserting `luaotfload.aux.patch_cambria_domh' in `luaotfload.patch_font'.
Inserting `luaotfload.aux.fixup_fontdata' in `luaotfload.patch_font_unsafe'.
Inserting `luaotfload.aux.set_capheight' in `luaotfload.patch_font'.
Inserting `luaotfload.aux.set_xheight' in `luaotfload.patch_font'.
Inserting `luaotfload.rewrite_fontname' in `luaotfload.patch_font'.
Inserting `tracingstacklevels' in `input_level_string'. (C:/Users/Usuário/AppD
ata/Local/Programs/MiKTeX/tex/latex/base/book.cls
Document Class: book 2023/05/17 v1.4n Standard LaTeX document class
(C:/Users/Usuário/AppData/Local/Programs/MiKTeX/tex/latex/base/bk12.clo
File: bk12.clo 2023/05/17 v1.4n Standard LaTeX file (size option)
luaotfload | db : Font names database loaded from C:/Users/Usuário/AppData/Loca
l/MiKTeX/luatex-cache/generic/names/luaotfload-names.luc.gz)
\c@part=\count185
\c@chapter=\count186
\c@section=\count187
\c@subsection=\count188
\c@subsubsection=\count189
\c@paragraph=\count190
\c@subparagraph=\count191
\c@figure=\count192
\c@table=\count193
\abovecaptionskip=\skip48
\belowcaptionskip=\skip49
\bibindent=\dimen139
)
(C:/Users/Usuário/AppData/Local/Programs/MiKTeX/tex/latex/geometry/geometry.st
y
Package: geometry 2020/01/02 v5.9 Page Geometry

(C:/Users/Usuário/AppData/Local/Programs/MiKTeX/tex/latex/graphics/keyval.sty
Package: keyval 2022/05/29 v1.15 key=value parser (DPC)
\KV@toks@=\toks17
) (C:/Users/Usuário/AppData/Local/Programs/MiKTeX/tex/generic/iftex/ifvtex.sty
Package: ifvtex 2019/10/25 v1.7 ifvtex legacy package. Use iftex instead.

(C:/Users/Usuário/AppData/Local/Programs/MiKTeX/tex/generic/iftex/iftex.sty
Package: iftex 2022/02/03 v1.0f TeX engine tests
))
\Gm@cnth=\count194
\Gm@cntv=\count195
\c@Gm@tempcnt=\count196
\Gm@bindingoffset=\dimen140
\Gm@wd@mp=\dimen141
\Gm@odd@mp=\dimen142
\Gm@even@mp=\dimen143
\Gm@layoutwidth=\dimen144
\Gm@layoutheight=\dimen145
\Gm@layouthoffset=\dimen146
\Gm@layoutvoffset=\dimen147
\Gm@dimlist=\toks18

(C:/Users/Usuário/AppData/Local/Programs/MiKTeX/tex/latex/geometry/geometry.cf
g))
(C:/Users/Usuário/AppData/Local/Programs/MiKTeX/tex/latex/base/inputenc.sty
Package: inputenc 2021/02/14 v1.3d Input encoding file
\inpenc@prehook=\toks19
\inpenc@posthook=\toks20


Package inputenc Warning: inputenc package ignored with utf8 based engines.

) (C:/Users/Usuário/AppData/Local/Programs/MiKTeX/tex/latex/base/fontenc.sty
Package: fontenc 2021/04/29 v2.0v Standard LaTeX package
LaTeX Font Info:    Trying to load font information for T1+lmr on input line 11
2.

(C:/Users/Usuário/AppData/Local/Programs/MiKTeX/tex/latex/lm/t1lmr.fd
File: t1lmr.fd 2015/05/01 v1.6.1 Font defs for Latin Modern
))
(C:/Users/Usuário/AppData/Local/Programs/MiKTeX/tex/generic/babel/babel.sty
Package: babel 2024/01/07 v24.1 The Babel package

(C:/Users/Usuário/AppData/Local/Programs/MiKTeX/tex/generic/babel/luababel.def
\bbl@readstream=\read2
\l@afrikaans=\language2
Package babel Info: Non-standard hyphenation setup on input line 118.
\l@ancientgreek=\language3
\l@armenian=\language4
\l@assamese=\language5
\l@basque=\language6
\l@belarusian=\language7
\l@bengali=\language8
\l@bokmal=\language9
\l@bulgarian=\language10
\l@catalan=\language11
\l@churchslavonic=\language12
\l@classiclatin=\language13
\l@coptic=\language14
\l@croatian=\language15
\l@czech=\language16
\l@danish=\language17
\l@dutch=\language18
\l@esperanto=\language19
\l@estonian=\language20
\l@ethiopic=\language21
\l@finnish=\language22
\l@french=\language23
\l@friulan=\language24
\l@galician=\language25
\l@georgian=\language26
\l@german=\language27
\l@greek=\language28
\l@gujarati=\language29
\l@hindi=\language30
\l@hungarian=\language31
\l@icelandic=\language32
\l@indonesian=\language33
\l@interlingua=\language34
\l@irish=\language35
\l@italian=\language36
\l@kannada=\language37
\l@kurmanji=\language38
\l@latin=\language39
\l@latvian=\language40
\l@lithuanian=\language41
\l@liturgicallatin=\language42
\l@macedonian=\language43
\l@malayalam=\language44
\l@marathi=\language45
\l@mongolian=\language46
\l@mongolianlmc=\language47
\l@monogreek=\language48
\l@ngerman=\language49
\l@nynorsk=\language50
\l@occitan=\language51
\l@oriya=\language52
\l@pali=\language53
\l@panjabi=\language54
\l@piedmontese=\language55
\l@polish=\language56
\l@portuguese=\language57
\l@romanian=\language58
\l@romansh=\language59
\l@russian=\language60
\l@sanskrit=\language61
\l@serbian=\language62
\l@serbianc=\language63
\l@slovak=\language64
\l@slovenian=\language65
\l@spanish=\language66
\l@swedish=\language67
\l@swissgerman=\language68
\l@tamil=\language69
\l@telugu=\language70
\l@thai=\language71
\l@turkish=\language72
\l@turkmen=\language73
\l@ukenglish=\language74
\l@ukrainian=\language75
\l@uppersorbian=\language76
\l@usenglishmax=\language77
\l@welsh=\language78
\babelcatcodetablenum=\catcodetable14
\bbl@pattcodes=\catcodetable15
)
\babel@savecnt=\count197
\U@D=\dimen148
\l@unhyphenated=\language79

(C:/Users/Usuário/AppData/Local/Programs/MiKTeX/tex/generic/babel/luababel.def
\bbl@attr@locale=\attribute4
)
*************************************
* Local config file bblopts.cfg used
*
(C:/Users/Usuário/AppData/Local/Programs/MiKTeX/tex/latex/arabi/bblopts.cfg
File: bblopts.cfg 2005/09/08 v0.1 add Arabic and Farsi to "declared" options of
 babel
)
(C:/Users/Usuário/AppData/Local/Programs/MiKTeX/tex/latex/babel-english/englis
h.ldf
Language: english 2017/06/06 v3.3r English support from the babel system
Package babel Info: Hyphen rules for 'canadian' set to \l@english
(babel)             (\language0). Reported on input line 102.
Package babel Info: Hyphen rules for 'australian' set to \l@ukenglish
(babel)             (\language74). Reported on input line 105.
Package babel Info: Hyphen rules for 'newzealand' set to \l@ukenglish
(babel)             (\language74). Reported on input line 108.
))
(C:/Users/Usuário/AppData/Local/Programs/MiKTeX/tex/generic/babel/locale/en/ba
bel-english.tex
Package babel Info: Importing font and identification data for english
(babel)             from babel-en.ini. Reported on input line 11.
)
(C:/Users/Usuário/AppData/Local/Programs/MiKTeX/tex/latex/comment/comment.sty
\CommentStream=\write3

Excluding comment 'comment')
(C:/Users/Usuário/AppData/Local/Programs/MiKTeX/tex/latex/pdfpages/pdfpages.st
y
Package: pdfpages 2025/07/23 v0.6g Insert pages of external PDF documents (AM)
 (C:/Users/Usuário/AppData/Local/Programs/MiKTeX/tex/latex/base/ifthen.sty
Package: ifthen 2022/04/13 v1.1d Standard LaTeX ifthen package (DPC)
)
(C:/Users/Usuário/AppData/Local/Programs/MiKTeX/tex/latex/tools/calc.sty
Package: calc 2023/07/08 v4.3 Infix arithmetic (KKT,FJ)
\calc@Acount=\count198
\calc@Bcount=\count199
\calc@Adimen=\dimen149
\calc@Bdimen=\dimen150
\calc@Askip=\skip50
\calc@Bskip=\skip51
LaTeX Info: Redefining \setlength on input line 80.
LaTeX Info: Redefining \addtolength on input line 81.
\calc@Ccount=\count266
\calc@Cskip=\skip52
)
(C:/Users/Usuário/AppData/Local/Programs/MiKTeX/tex/latex/eso-pic/eso-pic.sty
Package: eso-pic 2023/05/03 v3.0c eso-pic (RN)
\ESO@tempdima=\dimen151
\ESO@tempdimb=\dimen152

(C:/Users/Usuário/AppData/Local/Programs/MiKTeX/tex/latex/xcolor/xcolor.sty
Package: xcolor 2023/11/15 v3.01 LaTeX color extensions (UK)

(C:/Users/Usuário/AppData/Local/Programs/MiKTeX/tex/latex/graphics-cfg/color.c
fg
File: color.cfg 2016/01/02 v1.6 sample color configuration
)
Package xcolor Info: Driver file: luatex.def on input line 274.

(C:/Users/Usuário/AppData/Local/Programs/MiKTeX/tex/latex/graphics-def/luatex.
def
File: luatex.def 2022/09/22 v1.2d Graphics/color driver for luatex
)
(C:/Users/Usuário/AppData/Local/Programs/MiKTeX/tex/latex/graphics/mathcolor.l
tx)
Package xcolor Info: Model `cmy' substituted by `cmy0' on input line 1350.
Package xcolor Info: Model `hsb' substituted by `rgb' on input line 1354.
Package xcolor Info: Model `RGB' extended on input line 1366.
Package xcolor Info: Model `HTML' substituted by `rgb' on input line 1368.
Package xcolor Info: Model `Hsb' substituted by `hsb' on input line 1369.
Package xcolor Info: Model `tHsb' substituted by `hsb' on input line 1370.
Package xcolor Info: Model `HSB' substituted by `hsb' on input line 1371.
Package xcolor Info: Model `Gray' substituted by `gray' on input line 1372.
Package xcolor Info: Model `wave' substituted by `hsb' on input line 1373.
))
(C:/Users/Usuário/AppData/Local/Programs/MiKTeX/tex/latex/etoolbox/etoolbox.st
y
Package: etoolbox 2020/10/05 v2.5k e-TeX tools for LaTeX (JAW)
\etb@tempcnta=\count267
)
(C:/Users/Usuário/AppData/Local/Programs/MiKTeX/tex/latex/graphics/graphicx.st
y
Package: graphicx 2021/09/16 v1.2d Enhanced LaTeX Graphics (DPC,SPQR)

(C:/Users/Usuário/AppData/Local/Programs/MiKTeX/tex/latex/graphics/graphics.st
y
Package: graphics 2022/03/10 v1.4e Standard LaTeX Graphics (DPC,SPQR)
 (C:/Users/Usuário/AppData/Local/Programs/MiKTeX/tex/latex/graphics/trig.sty
Package: trig 2021/08/11 v1.11 sin cos tan (DPC)
)
(C:/Users/Usuário/AppData/Local/Programs/MiKTeX/tex/latex/graphics-cfg/graphic
s.cfg
File: graphics.cfg 2016/06/04 v1.11 sample graphics configuration
)
Package graphics Info: Driver file: luatex.def on input line 107.
)
\Gin@req@height=\dimen153
\Gin@req@width=\dimen154
)
\AM@pagewidth=\dimen155
\AM@pageheight=\dimen156
\AM@fboxrule=\dimen157

(C:/Users/Usuário/AppData/Local/Programs/MiKTeX/tex/latex/pdfpages/ppluatex.de
f
File: ppluatex.def 2025/07/23 v0.6g Pdfpages driver for LuaTeX (AM)
)
\pdfpages@includegraphics@status=\count268
\AM@pagebox=\box51
\AM@global@opts=\toks21
\AM@pagecnt=\count269
\AM@toc@title=\toks22
\AM@lof@heading=\toks23
\c@AM@survey=\count270
\AM@templatesizebox=\box52
)
(C:/Users/Usuário/AppData/Local/Programs/MiKTeX/tex/latex/hyperref/hyperref.st
y
Package: hyperref 2023-11-26 v7.01g Hypertext links for LaTeX

(C:/Users/Usuário/AppData/Local/Programs/MiKTeX/tex/generic/infwarerr/infwarer
r.sty
Package: infwarerr 2019/12/03 v1.5 Providing info/warning/error messages (HO)
)
(C:/Users/Usuário/AppData/Local/Programs/MiKTeX/tex/latex/kvsetkeys/kvsetkeys.
sty
Package: kvsetkeys 2022-10-05 v1.19 Key value parser (HO)
)
(C:/Users/Usuário/AppData/Local/Programs/MiKTeX/tex/generic/kvdefinekeys/kvdef
inekeys.sty
Package: kvdefinekeys 2019-12-19 v1.6 Define keys (HO)
)
(C:/Users/Usuário/AppData/Local/Programs/MiKTeX/tex/generic/pdfescape/pdfescap
e.sty
Package: pdfescape 2019/12/09 v1.15 Implements pdfTeX's escape features (HO)

(C:/Users/Usuário/AppData/Local/Programs/MiKTeX/tex/generic/ltxcmds/ltxcmds.st
y
Package: ltxcmds 2023-12-04 v1.26 LaTeX kernel commands for general use (HO)
)
(C:/Users/Usuário/AppData/Local/Programs/MiKTeX/tex/generic/pdftexcmds/pdftexc
mds.sty
Package: pdftexcmds 2020-06-27 v0.33 Utility functions of pdfTeX for LuaTeX (HO
)
Package pdftexcmds Info: \pdf@primitive is available.
Package pdftexcmds Info: \pdf@ifprimitive is available.
Package pdftexcmds Info: \pdfdraftmode found.
\pdftexcmds@toks=\toks24
))
(C:/Users/Usuário/AppData/Local/Programs/MiKTeX/tex/latex/hycolor/hycolor.sty
Package: hycolor 2020-01-27 v1.10 Color options for hyperref/bookmark (HO)
)
(C:/Users/Usuário/AppData/Local/Programs/MiKTeX/tex/latex/letltxmacro/letltxma
cro.sty
Package: letltxmacro 2019/12/03 v1.6 Let assignment for LaTeX macros (HO)
)
(C:/Users/Usuário/AppData/Local/Programs/MiKTeX/tex/latex/auxhook/auxhook.sty
Package: auxhook 2019-12-17 v1.6 Hooks for auxiliary files (HO)
)
(C:/Users/Usuário/AppData/Local/Programs/MiKTeX/tex/latex/hyperref/nameref.sty
Package: nameref 2023-11-26 v2.56 Cross-referencing by name of section

(C:/Users/Usuário/AppData/Local/Programs/MiKTeX/tex/latex/refcount/refcount.st
y
Package: refcount 2019/12/15 v3.6 Data extraction from label references (HO)
)
(C:/Users/Usuário/AppData/Local/Programs/MiKTeX/tex/generic/gettitlestring/get
titlestring.sty
Package: gettitlestring 2019/12/15 v1.6 Cleanup title references (HO)

(C:/Users/Usuário/AppData/Local/Programs/MiKTeX/tex/latex/kvoptions/kvoptions.
sty
Package: kvoptions 2022-06-15 v3.15 Key value format for package options (HO)
))
\c@section@level=\count271
)
\@linkdim=\dimen158
\Hy@linkcounter=\count272
\Hy@pagecounter=\count273

(C:/Users/Usuário/AppData/Local/Programs/MiKTeX/tex/latex/hyperref/pd1enc.def
File: pd1enc.def 2023-11-26 v7.01g Hyperref: PDFDocEncoding definition (HO)
)
(C:/Users/Usuário/AppData/Local/Programs/MiKTeX/tex/generic/intcalc/intcalc.st
y
Package: intcalc 2019/12/15 v1.3 Expandable calculations with integers (HO)
)
\Hy@SavedSpaceFactor=\count274

(C:/Users/Usuário/AppData/Local/Programs/MiKTeX/tex/latex/hyperref/puenc.def
File: puenc.def 2023-11-26 v7.01g Hyperref: PDF Unicode definition (HO)
)
Package hyperref Info: Hyper figures OFF on input line 4181.
Package hyperref Info: Link nesting OFF on input line 4186.
Package hyperref Info: Hyper index ON on input line 4189.
Package hyperref Info: Plain pages OFF on input line 4196.
Package hyperref Info: Backreferencing OFF on input line 4201.
Package hyperref Info: Implicit mode ON; LaTeX internals redefined.
Package hyperref Info: Bookmarks ON on input line 4448.
\c@Hy@tempcnt=\count275

(C:/Users/Usuário/AppData/Local/Programs/MiKTeX/tex/latex/url/url.sty
\Urlmuskip=\muskip16
Package: url 2013/09/16  ver 3.4  Verb mode for urls, etc.
)
LaTeX Info: Redefining \url on input line 4786.
\XeTeXLinkMargin=\dimen159

(C:/Users/Usuário/AppData/Local/Programs/MiKTeX/tex/generic/bitset/bitset.sty
Package: bitset 2019/12/09 v1.3 Handle bit-vector datatype (HO)

(C:/Users/Usuário/AppData/Local/Programs/MiKTeX/tex/generic/bigintcalc/bigintc
alc.sty
Package: bigintcalc 2019/12/15 v1.5 Expandable calculations on big integers (HO
)
))
\Fld@menulength=\count276
\Field@Width=\dimen160
\Fld@charsize=\dimen161
Package hyperref Info: Hyper figures OFF on input line 6065.
Package hyperref Info: Link nesting OFF on input line 6070.
Package hyperref Info: Hyper index ON on input line 6073.
Package hyperref Info: backreferencing OFF on input line 6080.
Package hyperref Info: Link coloring OFF on input line 6085.
Package hyperref Info: Link coloring with OCG OFF on input line 6090.
Package hyperref Info: PDF/A mode OFF on input line 6095.

(C:/Users/Usuário/AppData/Local/Programs/MiKTeX/tex/latex/base/atbegshi-ltx.st
y
Package: atbegshi-ltx 2021/01/10 v1.0c Emulation of the original atbegshi
package with kernel methods
)
\Hy@abspage=\count277
\c@Item=\count278
\c@Hfootnote=\count279
)
Package hyperref Info: Driver (autodetected): hluatex.

(C:/Users/Usuário/AppData/Local/Programs/MiKTeX/tex/latex/hyperref/hluatex.def
File: hluatex.def 2023-11-26 v7.01g Hyperref driver for luaTeX

(C:/Users/Usuário/AppData/Local/Programs/MiKTeX/tex/generic/stringenc/stringen
c.sty
Package: stringenc 2019/11/29 v1.12 Convert strings between diff. encodings (HO
)
)
(C:/Users/Usuário/AppData/Local/Programs/MiKTeX/tex/latex/base/atveryend-ltx.s
ty
Package: atveryend-ltx 2020/08/19 v1.0a Emulation of the original atveryend pac
kage
with kernel methods
)
\Fld@listcount=\count280
\c@bookmark@seq@number=\count281

(C:/Users/Usuário/AppData/Local/Programs/MiKTeX/tex/latex/rerunfilecheck/rerun
filecheck.sty
Package: rerunfilecheck 2025-06-21 v1.11 Rerun checks for auxiliary files (HO)

(C:/Users/Usuário/AppData/Local/Programs/MiKTeX/tex/generic/uniquecounter/uniq
uecounter.sty
Package: uniquecounter 2019/12/15 v1.4 Provide unlimited unique counter (HO)
)
Package uniquecounter Info: New unique counter `rerunfilecheck' on input line 2
84.
)
\Hy@SectionHShift=\skip53
)
(C:/Users/Usuário/AppData/Local/Programs/MiKTeX/tex/latex/fontspec/fontspec.st
y
(C:/Users/Usuário/AppData/Local/Programs/MiKTeX/tex/latex/l3packages/xparse/xp
arse.sty
(C:/Users/Usuário/AppData/Local/Programs/MiKTeX/tex/latex/l3kernel/expl3.sty
Package: expl3 2024-01-04 L3 programming layer (loader) 

(C:/Users/Usuário/AppData/Local/Programs/MiKTeX/tex/latex/l3backend/l3backend-
luatex.def
File: l3backend-luatex.def 2024-01-04 L3 backend support: PDF output (LuaTeX)
\l__color_backend_stack_int=\count282
Inserting `l3color' in `luaotfload.parse_color'.
\l__pdf_internal_box=\box53
))
Package: xparse 2023-10-10 L3 Experimental document command parser
)
Package: fontspec 2022/01/15 v2.8a Font selection for XeLaTeX and LuaLaTeX
Lua module: fontspec 2022/01/15 2.8a Font selection for XeLaTeX and LuaLaTeX
(C:/Users/Usuário/AppData/Local/Programs/MiKTeX/tex/latex/fontspec/fontspec-lu
atex.sty
Package: fontspec-luatex 2022/01/15 v2.8a Font selection for XeLaTeX and LuaLaT
eX
\l__fontspec_script_int=\count283
\l__fontspec_language_int=\count284
\l__fontspec_strnum_int=\count285
\l__fontspec_tmp_int=\count286
\l__fontspec_tmpa_int=\count287
\l__fontspec_tmpb_int=\count288
\l__fontspec_tmpc_int=\count289
\l__fontspec_em_int=\count290
\l__fontspec_emdef_int=\count291
\l__fontspec_strong_int=\count292
\l__fontspec_strongdef_int=\count293
\l__fontspec_tmpa_dim=\dimen162
\l__fontspec_tmpb_dim=\dimen163
\l__fontspec_tmpc_dim=\dimen164

(C:/Users/Usuário/AppData/Local/Programs/MiKTeX/tex/latex/base/fontenc.sty
Package: fontenc 2021/04/29 v2.0v Standard LaTeX package
)
(C:/Users/Usuário/AppData/Local/Programs/MiKTeX/tex/latex/fontspec/fontspec.cf
g)))
luaotfload | cache : Lookup cache loaded from C:/Users/Usuário/AppData/Local/Mi
KTeX/luatex-cache/generic/names/luaotfload-lookup-cache.luc.
luaotfload | aux : font no 19 (nil) defines no feature for script latn
luaotfload | aux : font no 19 (nil) defines no feature for script dflt

Package fontspec Info: Could not resolve font "Dudu_Calligraphy/BI" (it
(fontspec)             probably doesn't exist).


Package fontspec Info: Could not resolve font "Dudu_Calligraphy/B" (it
(fontspec)             probably doesn't exist).


Package fontspec Info: Could not resolve font "Dudu_Calligraphy/I" (it
(fontspec)             probably doesn't exist).


Package fontspec Info: Font family 'Dudu_Calligraphy(0)' created for font
(fontspec)             'Dudu_Calligraphy' with options [Ligatures=TeX].
(fontspec)              
(fontspec)              This font family consists of the following NFSS
(fontspec)             series/shapes:
(fontspec)              
(fontspec)             - 'normal' (m/n) with NFSS spec.:
(fontspec)             <->"Dudu_Calligraphy:mode=node;language=dflt;+tlig;"
(fontspec)             - 'small caps'  (m/sc) with NFSS spec.: 


(C:/Users/Usuário/AppData/Local/Programs/MiKTeX/tex/latex/wrapfig/wrapfig.sty
\wrapoverhang=\dimen165
\WF@size=\dimen166
\c@WF@wrappedlines=\count294
\WF@box=\box54
\WF@everypar=\toks25
Package: wrapfig 2003/01/31  v 3.6
) (C:/Users/Usuário/AppData/Local/Programs/MiKTeX/tex/latex/float/float.sty
Package: float 2001/11/08 v1.3d Float enhancements (AL)
\c@float@type=\count295
\float@exts=\toks26
\float@box=\box55
\@float@everytoks=\toks27
\@floatcapt=\box56
)
(C:/Users/Usuário/AppData/Local/Programs/MiKTeX/tex/latex/titlesec/titlesec.st
y
Package: titlesec 2025/01/04 v2.17 Sectioning titles
\ttl@box=\box57
\beforetitleunit=\skip54
\aftertitleunit=\skip55
\ttl@plus=\dimen167
\ttl@minus=\dimen168
\ttl@toksa=\toks28
\titlewidth=\dimen169
\titlewidthlast=\dimen170
\titlewidthfirst=\dimen171
) (./main.aux (./src/entries/2025/20251122.aux)
(./src/entries/2025/20251213.aux) (./src/entries/2026/20260105.aux)
(./src/entries/2026/20260106.aux) (./src/entries/2026/20260107.aux)
(./src/entries/2026/20260113.aux))
\openout1 = main.aux

LaTeX Font Info:    Checking defaults for OML/cmm/m/it on input line 114.
LaTeX Font Info:    ... okay on input line 114.
LaTeX Font Info:    Checking defaults for OMS/cmsy/m/n on input line 114.
LaTeX Font Info:    ... okay on input line 114.
LaTeX Font Info:    Checking defaults for OT1/cmr/m/n on input line 114.
LaTeX Font Info:    ... okay on input line 114.
LaTeX Font Info:    Checking defaults for T1/cmr/m/n on input line 114.
LaTeX Font Info:    ... okay on input line 114.
LaTeX Font Info:    Checking defaults for TS1/cmr/m/n on input line 114.
LaTeX Font Info:    Trying to load font information for TS1+cmr on input line 1
14.

(C:/Users/Usuário/AppData/Local/Programs/MiKTeX/tex/latex/base/ts1cmr.fd
File: ts1cmr.fd 2023/04/13 v2.5m Standard LaTeX font definitions
)
LaTeX Font Info:    ... okay on input line 114.
LaTeX Font Info:    Checking defaults for TU/lmr/m/n on input line 114.
LaTeX Font Info:    ... okay on input line 114.
LaTeX Font Info:    Checking defaults for OMX/cmex/m/n on input line 114.
LaTeX Font Info:    ... okay on input line 114.
LaTeX Font Info:    Checking defaults for U/cmr/m/n on input line 114.
LaTeX Font Info:    ... okay on input line 114.
LaTeX Font Info:    Checking defaults for PD1/pdf/m/n on input line 114.
LaTeX Font Info:    ... okay on input line 114.
LaTeX Font Info:    Checking defaults for PU/pdf/m/n on input line 114.
LaTeX Font Info:    ... okay on input line 114.

*geometry* driver: auto-detecting
*geometry* detected driver: luatex
*geometry* verbose mode - [ preamble ] result:
* driver: luatex
* paper: custom
* layout: <same size as paper>
* layoutoffset:(h,v)=(0.0pt,0.0pt)
* modes: twoside 
* h-part:(L,W,R)=(50.58878pt, 368.57744pt, 50.58878pt)
* v-part:(T,H,B)=(36.135pt, 505.89pt, 36.135pt)
* \paperwidth=469.75499pt
* \paperheight=578.15999pt
* \textwidth=368.57744pt
* \textheight=505.89pt
* \oddsidemargin=-21.68121pt
* \evensidemargin=-21.68121pt
* \topmargin=-68.00879pt
* \headheight=12.0pt
* \headsep=19.8738pt
* \topskip=12.0pt
* \footskip=30.0pt
* \marginparwidth=98.0pt
* \marginparsep=7.0pt
* \columnsep=10.0pt
* \skip\footins=10.8pt plus 4.0pt minus 2.0pt
* \hoffset=0.0pt
* \voffset=0.0pt
* \mag=1000
* \@twocolumnfalse
* \@twosidetrue
* \@mparswitchtrue
* \@reversemarginfalse
* (1in=72.27pt=25.4mm, 1cm=28.453pt)


(C:/Users/Usuário/AppData/Local/Programs/MiKTeX/tex/context/base/mkii/supp-pdf
.mkii
[Loading MPS to PDF converter (version 2006.09.02).]
\scratchcounter=\count296
\scratchdimen=\dimen172
\scratchbox=\box58
\nofMPsegments=\count297
\nofMParguments=\count298
\everyMPshowfont=\toks29
\MPscratchCnt=\count299
\MPscratchDim=\dimen173
\MPnumerator=\count300
\makeMPintoPDFobject=\count301
\everyMPtoPDFconversion=\toks30
)
(C:/Users/Usuário/AppData/Local/Programs/MiKTeX/tex/latex/epstopdf-pkg/epstopd
f-base.sty
Package: epstopdf-base 2020-01-24 v2.11 Base part for package epstopdf
Package epstopdf-base Info: Redefining graphics rule for `.eps' on input line 4
85.

(C:/Users/Usuário/AppData/Local/Programs/MiKTeX/tex/latex/00miktex/epstopdf-sy
s.cfg
File: epstopdf-sys.cfg 2021/03/18 v2.0 Configuration of epstopdf for MiKTeX
))
(C:/Users/Usuário/AppData/Local/Programs/MiKTeX/tex/latex/pdflscape/pdflscape.
sty
Package: pdflscape 2022-10-27 v0.13 Display of landscape pages in PDF

(C:/Users/Usuário/AppData/Local/Programs/MiKTeX/tex/latex/pdflscape/pdflscape-
nometadata.sty
Package: pdflscape-nometadata 2022-10-28 v0.13 Display of landscape pages in PD
F (HO)

(C:/Users/Usuário/AppData/Local/Programs/MiKTeX/tex/latex/graphics/lscape.sty
Package: lscape 2020/05/28 v3.02 Landscape Pages (DPC)
)
Package pdflscape Info: Auto-detected driver: pdftex on input line 81.
))
Package hyperref Info: Link coloring OFF on input line 114.
 (./main.out) (./main.out)
\@outlinefile=\write4

\openout4 = main.out

Package fontspec Info: Adjusting the maths setup (use [no-math] to avoid
(fontspec)             this).

\symlegacymaths=\mathgroup4
LaTeX Font Info:    Overwriting symbol font `legacymaths' in version `bold'
(Font)                  OT1/cmr/m/n --> OT1/cmr/bx/n on input line 114.
LaTeX Font Info:    Redeclaring math accent \acute on input line 114.
LaTeX Font Info:    Redeclaring math accent \grave on input line 114.
LaTeX Font Info:    Redeclaring math accent \ddot on input line 114.
LaTeX Font Info:    Redeclaring math accent \tilde on input line 114.
LaTeX Font Info:    Redeclaring math accent \bar on input line 114.
LaTeX Font Info:    Redeclaring math accent \breve on input line 114.
LaTeX Font Info:    Redeclaring math accent \check on input line 114.
LaTeX Font Info:    Redeclaring math accent \hat on input line 114.
LaTeX Font Info:    Redeclaring math accent \dot on input line 114.
LaTeX Font Info:    Redeclaring math accent \mathring on input line 114.
LaTeX Font Info:    Redeclaring math symbol \colon on input line 114.
LaTeX Font Info:    Redeclaring math symbol \Gamma on input line 114.
LaTeX Font Info:    Redeclaring math symbol \Delta on input line 114.
LaTeX Font Info:    Redeclaring math symbol \Theta on input line 114.
LaTeX Font Info:    Redeclaring math symbol \Lambda on input line 114.
LaTeX Font Info:    Redeclaring math symbol \Xi on input line 114.
LaTeX Font Info:    Redeclaring math symbol \Pi on input line 114.
LaTeX Font Info:    Redeclaring math symbol \Sigma on input line 114.
LaTeX Font Info:    Redeclaring math symbol \Upsilon on input line 114.
LaTeX Font Info:    Redeclaring math symbol \Phi on input line 114.
LaTeX Font Info:    Redeclaring math symbol \Psi on input line 114.
LaTeX Font Info:    Redeclaring math symbol \Omega on input line 114.
LaTeX Font Info:    Redeclaring math symbol \mathdollar on input line 114.
LaTeX Font Info:    Redeclaring symbol font `operators' on input line 114.
LaTeX Font Info:    Encoding `OT1' has changed to `TU' for symbol font
(Font)              `operators' in the math version `normal' on input line 114.

LaTeX Font Info:    Overwriting symbol font `operators' in version `normal'
(Font)                  OT1/cmr/m/n --> TU/Dudu_Calligraphy(0)/m/n on input lin
e 114.
LaTeX Font Info:    Encoding `OT1' has changed to `TU' for symbol font
(Font)              `operators' in the math version `bold' on input line 114.
LaTeX Font Info:    Overwriting symbol font `operators' in version `bold'
(Font)                  OT1/cmr/bx/n --> TU/Dudu_Calligraphy(0)/m/n on input li
ne 114.
LaTeX Font Info:    Overwriting symbol font `operators' in version `normal'
(Font)                  TU/Dudu_Calligraphy(0)/m/n --> TU/Dudu_Calligraphy(0)/m
/n on input line 114.
LaTeX Font Info:    Overwriting math alphabet `\mathit' in version `normal'
(Font)                  OT1/cmr/m/it --> TU/Dudu_Calligraphy(0)/m/it on input l
ine 114.
LaTeX Font Info:    Overwriting math alphabet `\mathbf' in version `normal'
(Font)                  OT1/cmr/bx/n --> TU/Dudu_Calligraphy(0)/b/n on input li
ne 114.
LaTeX Font Info:    Overwriting math alphabet `\mathsf' in version `normal'
(Font)                  OT1/cmss/m/n --> TU/lmss/m/n on input line 114.
LaTeX Font Info:    Overwriting math alphabet `\mathtt' in version `normal'
(Font)                  OT1/cmtt/m/n --> TU/lmtt/m/n on input line 114.
LaTeX Font Info:    Overwriting symbol font `operators' in version `bold'
(Font)                  TU/Dudu_Calligraphy(0)/m/n --> TU/Dudu_Calligraphy(0)/b
/n on input line 114.
LaTeX Font Info:    Overwriting math alphabet `\mathit' in version `bold'
(Font)                  OT1/cmr/bx/it --> TU/Dudu_Calligraphy(0)/b/it on input 
line 114.
LaTeX Font Info:    Overwriting math alphabet `\mathsf' in version `bold'
(Font)                  OT1/cmss/bx/n --> TU/lmss/b/n on input line 114.
LaTeX Font Info:    Overwriting math alphabet `\mathtt' in version `bold'
(Font)                  OT1/cmtt/m/n --> TU/lmtt/b/n on input line 114.
LaTeX Font Info:    External font `cmex10' loaded for size
(Font)              <14.4> on input line 121.
LaTeX Font Info:    External font `cmex10' loaded for size
(Font)              <7> on input line 121.
 [1



{C:/Users/Usuário/AppData/Local/MiKTeX/fonts/map/pdftex/pdftex.map}]

LaTeX Font Warning: Font shape `TU/Dudu_Calligraphy(0)/b/n' undefined
(Font)              using `TU/Dudu_Calligraphy(0)/m/n' instead on input line 12
2.

(./main.toc
LaTeX Font Info:    External font `cmex10' loaded for size
(Font)              <12> on input line 3.
LaTeX Font Info:    External font `cmex10' loaded for size
(Font)              <8> on input line 3.
LaTeX Font Info:    External font `cmex10' loaded for size
(Font)              <6> on input line 3.
 [2

]

LaTeX Font Warning: Font shape `TU/Dudu_Calligraphy(0)/m/sl' undefined
(Font)              using `TU/Dudu_Calligraphy(0)/m/it' instead on input line 3
6.


LaTeX Font Warning: Font shape `TU/Dudu_Calligraphy(0)/m/it' undefined
(Font)              using `TU/Dudu_Calligraphy(0)/m/n' instead on input line 36
.

[3])
\tf@toc=\write5

\openout5 = main.toc


LaTeX Font Warning: Font shape `TU/Dudu_Calligraphy(0)/m/sl' undefined
(Font)              using `TU/Dudu_Calligraphy(0)/m/it' instead on input line 1
24.

[4] (./src/_Beginning.tex [1


]

Package hyperref Warning: Difference (2) between bookmark levels is greater 
(hyperref)                than one, level fixed on input line 4.


Underfull \vbox (badness 1910) has occurred while \output is active []



LaTeX Font Warning: Font shape `TU/Dudu_Calligraphy(0)/m/sl' undefined
(Font)              using `TU/Dudu_Calligraphy(0)/m/it' instead on input line 2
7.

[2
Missing character: There is no … (U+2026) in font Dudu_Calligraphy:mode=node;l
anguage=dflt;+tlig;!
Missing character: There is no … (U+2026) in font Dudu_Calligraphy:mode=node;l
anguage=dflt;+tlig;!
]

LaTeX Font Warning: Font shape `TU/Dudu_Calligraphy(0)/m/sl' undefined
(Font)              using `TU/Dudu_Calligraphy(0)/m/it' instead on input line 5
4.

[3
Missing character: There is no — (U+2014) in font Dudu_Calligraphy:mode=node;l
anguage=dflt;+tlig;!
Missing character: There is no … (U+2026) in font Dudu_Calligraphy:mode=node;l
anguage=dflt;+tlig;!
]

LaTeX Font Warning: Font shape `TU/Dudu_Calligraphy(0)/m/sl' undefined
(Font)              using `TU/Dudu_Calligraphy(0)/m/it' instead on input line 7
5.

[4
Missing character: There is no … (U+2026) in font Dudu_Calligraphy:mode=node;l
anguage=dflt;+tlig;!
Missing character: There is no … (U+2026) in font Dudu_Calligraphy:mode=node;l
anguage=dflt;+tlig;!
Missing character: There is no — (U+2014) in font Dudu_Calligraphy:mode=node;l
anguage=dflt;+tlig;!
]

LaTeX Font Warning: Font shape `TU/Dudu_Calligraphy(0)/m/sl' undefined
(Font)              using `TU/Dudu_Calligraphy(0)/m/it' instead on input line 9
8.

[5
Missing character: There is no — (U+2014) in font Dudu_Calligraphy:mode=node;l
anguage=dflt;+tlig;!
Missing character: There is no — (U+2014) in font Dudu_Calligraphy:mode=node;l
anguage=dflt;+tlig;!
Missing character: There is no — (U+2014) in font Dudu_Calligraphy:mode=node;l
anguage=dflt;+tlig;!
Missing character: There is no — (U+2014) in font Dudu_Calligraphy:mode=node;l
anguage=dflt;+tlig;!
Missing character: There is no — (U+2014) in font Dudu_Calligraphy:mode=node;l
anguage=dflt;+tlig;!
Missing character: There is no — (U+2014) in font Dudu_Calligraphy:mode=node;l
anguage=dflt;+tlig;!
Missing character: There is no … (U+2026) in font Dudu_Calligraphy:mode=node;l
anguage=dflt;+tlig;!
Missing character: There is no — (U+2014) in font Dudu_Calligraphy:mode=node;l
anguage=dflt;+tlig;!
]) (./src/Quotes.tex

LaTeX Font Warning: Font shape `TU/Dudu_Calligraphy(0)/m/sl' undefined
(Font)              using `TU/Dudu_Calligraphy(0)/m/it' instead on input line 2
.

[6
Missing character: There is no — (U+2014) in font Dudu_Calligraphy:mode=node;l
anguage=dflt;+tlig;!
Missing character: There is no — (U+2014) in font Dudu_Calligraphy:mode=node;l
anguage=dflt;+tlig;!
] [7

]

LaTeX Font Warning: Font shape `TU/Dudu_Calligraphy(0)/m/sl' undefined
(Font)              using `TU/Dudu_Calligraphy(0)/m/it' instead on input line 3
9.

[8
Missing character: There is no — (U+2014) in font Dudu_Calligraphy:mode=node;l
anguage=dflt;+tlig;!
Missing character: There is no — (U+2014) in font Dudu_Calligraphy:mode=node;l
anguage=dflt;+tlig;!
]

LaTeX Font Warning: Font shape `TU/Dudu_Calligraphy(0)/m/sl' undefined
(Font)              using `TU/Dudu_Calligraphy(0)/m/it' instead on input line 7
9.

[9
Missing character: There is no — (U+2014) in font Dudu_Calligraphy:mode=node;l
anguage=dflt;+tlig;!
Missing character: There is no … (U+2026) in font Dudu_Calligraphy:mode=node;l
anguage=dflt;+tlig;!
Missing character: There is no … (U+2026) in font Dudu_Calligraphy:mode=node;l
anguage=dflt;+tlig;!
]) (./src/Diary.tex

LaTeX Font Warning: Font shape `TU/Dudu_Calligraphy(0)/m/sl' undefined
(Font)              using `TU/Dudu_Calligraphy(0)/m/it' instead on input line 1
.

[10]

LaTeX Font Warning: Font shape `TU/Dudu_Calligraphy(0)/m/sl' undefined
(Font)              using `TU/Dudu_Calligraphy(0)/m/it' instead on input line 1
.

[11] [12

]
<res/images/screenshots/20260107_002717_Zangi.jpg, id=327, 722.7pt x 1606.0pt>
File: res/images/screenshots/20260107_002717_Zangi.jpg Graphic file (type jpg)
<use res/images/screenshots/20260107_002717_Zangi.jpg>
Package luatex.def Info: res/images/screenshots/20260107_002717_Zangi.jpg  used
 on input line 19.
(luatex.def)             Requested size: 184.28871pt x 409.51233pt.

Underfull \vbox (badness 10000) has occurred while \output is active []



LaTeX Font Warning: Font shape `TU/Dudu_Calligraphy(0)/m/sl' undefined
(Font)              using `TU/Dudu_Calligraphy(0)/m/it' instead on input line 3
8.

[13] Excluding 'comment' comment.) (./src/Diary2002-2023.tex

LaTeX Font Warning: Font shape `TU/Dudu_Calligraphy(0)/m/sl' undefined
(Font)              using `TU/Dudu_Calligraphy(0)/m/it' instead on input line 3
.

[14<./res/images/screenshots/20260107_002717_Zangi.jpg>] [15

])
(./src/Diary2024.tex [16

] [17

] [18

] [19

] [20

] [21

] [22

] [23

] [24

] [25

] [26

]
[27

]) (./src/Diary2025.tex [28

] [29

] [30

] [31

] [32

] [33

] [34

] [35

] [36

]
[37

] [38

] [39

] [40

] [41

]
\openout2 = src/entries/2025/20251122.aux
 (./src/entries/2025/20251122.tex

LaTeX Font Warning: Font shape `TU/Dudu_Calligraphy(0)/m/sl' undefined
(Font)              using `TU/Dudu_Calligraphy(0)/m/it' instead on input line 2
2.

[42


Missing character: There is no — (U+2014) in font Dudu_Calligraphy:mode=node;l
anguage=dflt;+tlig;!
Missing character: There is no — (U+2014) in font Dudu_Calligraphy:mode=node;l
anguage=dflt;+tlig;!
Missing character: There is no … (U+2026) in font Dudu_Calligraphy:mode=node;l
anguage=dflt;+tlig;!
Missing character: There is no … (U+2026) in font Dudu_Calligraphy:mode=node;l
anguage=dflt;+tlig;!
Missing character: There is no … (U+2026) in font Dudu_Calligraphy:mode=node;l
anguage=dflt;+tlig;!
Missing character: There is no — (U+2014) in font Dudu_Calligraphy:mode=node;l
anguage=dflt;+tlig;!
])

LaTeX Font Warning: Font shape `TU/Dudu_Calligraphy(0)/m/sl' undefined
(Font)              using `TU/Dudu_Calligraphy(0)/m/it' instead on input line 2
7.

[43
Missing character: There is no — (U+2014) in font Dudu_Calligraphy:mode=node;l
anguage=dflt;+tlig;!
Missing character: There is no — (U+2014) in font Dudu_Calligraphy:mode=node;l
anguage=dflt;+tlig;!
] [44



]
\openout2 = src/entries/2025/20251213.aux
 (./src/entries/2025/20251213.tex)

LaTeX Font Warning: Font shape `TU/Dudu_Calligraphy(0)/m/sl' undefined
(Font)              using `TU/Dudu_Calligraphy(0)/m/it' instead on input line 3
0.

[45

]) (./src/Diary2026.tex [46



] [47

]
\openout2 = src/entries/2026/20260105.aux
 (./src/entries/2026/20260105.tex)

LaTeX Font Warning: Font shape `TU/Dudu_Calligraphy(0)/m/sl' undefined
(Font)              using `TU/Dudu_Calligraphy(0)/m/it' instead on input line 6
.

[48


Missing character: There is no — (U+2014) in font Dudu_Calligraphy:mode=node;l
anguage=dflt;+tlig;!
Missing character: There is no … (U+2026) in font Dudu_Calligraphy:mode=node;l
anguage=dflt;+tlig;!
Missing character: There is no … (U+2026) in font Dudu_Calligraphy:mode=node;l
anguage=dflt;+tlig;!
Missing character: There is no — (U+2014) in font Dudu_Calligraphy:mode=node;l
anguage=dflt;+tlig;!
Missing character: There is no … (U+2026) in font Dudu_Calligraphy:mode=node;l
anguage=dflt;+tlig;!
Missing character: There is no … (U+2026) in font Dudu_Calligraphy:mode=node;l
anguage=dflt;+tlig;!
Missing character: There is no … (U+2026) in font Dudu_Calligraphy:mode=node;l
anguage=dflt;+tlig;!
Missing character: There is no — (U+2014) in font Dudu_Calligraphy:mode=node;l
anguage=dflt;+tlig;!
Missing character: There is no — (U+2014) in font Dudu_Calligraphy:mode=node;l
anguage=dflt;+tlig;!
Missing character: There is no … (U+2026) in font Dudu_Calligraphy:mode=node;l
anguage=dflt;+tlig;!
]
\openout2 = src/entries/2026/20260106.aux
 (./src/entries/2026/20260106.tex

LaTeX Font Warning: Font shape `TU/Dudu_Calligraphy(0)/m/sl' undefined
(Font)              using `TU/Dudu_Calligraphy(0)/m/it' instead on input line 2
6.

[49




Missing character: There is no — (U+2014) in font Dudu_Calligraphy:mode=node;l
anguage=dflt;+tlig;!
Missing character: There is no … (U+2026) in font Dudu_Calligraphy:mode=node;l
anguage=dflt;+tlig;!
Missing character: There is no — (U+2014) in font Dudu_Calligraphy:mode=node;l
anguage=dflt;+tlig;!
]

LaTeX Font Warning: Font shape `TU/Dudu_Calligraphy(0)/m/sl' undefined
(Font)              using `TU/Dudu_Calligraphy(0)/m/it' instead on input line 6
1.

[50
Missing character: There is no — (U+2014) in font Dudu_Calligraphy:mode=node;l
anguage=dflt;+tlig;!
]
Underfull \hbox (badness 10000) in paragraph at lines 86--90

 []


LaTeX Font Warning: Font shape `TU/Dudu_Calligraphy(0)/m/sl' undefined
(Font)              using `TU/Dudu_Calligraphy(0)/m/it' instead on input line 9
0.

[51
Missing character: There is no — (U+2014) in font Dudu_Calligraphy:mode=node;l
anguage=dflt;+tlig;!
Missing character: There is no — (U+2014) in font Dudu_Calligraphy:mode=node;l
anguage=dflt;+tlig;!
Missing character: There is no — (U+2014) in font Dudu_Calligraphy:mode=node;l
anguage=dflt;+tlig;!
Missing character: There is no — (U+2014) in font Dudu_Calligraphy:mode=node;l
anguage=dflt;+tlig;!
Missing character: There is no — (U+2014) in font Dudu_Calligraphy:mode=node;l
anguage=dflt;+tlig;!
]

LaTeX Font Warning: Font shape `TU/Dudu_Calligraphy(0)/m/sl' undefined
(Font)              using `TU/Dudu_Calligraphy(0)/m/it' instead on input line 1
28.

[52
Missing character: There is no — (U+2014) in font Dudu_Calligraphy:mode=node;l
anguage=dflt;+tlig;!
Missing character: There is no — (U+2014) in font Dudu_Calligraphy:mode=node;l
anguage=dflt;+tlig;!
Missing character: There is no — (U+2014) in font Dudu_Calligraphy:mode=node;l
anguage=dflt;+tlig;!
Missing character: There is no — (U+2014) in font Dudu_Calligraphy:mode=node;l
anguage=dflt;+tlig;!
Missing character: There is no — (U+2014) in font Dudu_Calligraphy:mode=node;l
anguage=dflt;+tlig;!
]

LaTeX Font Warning: Font shape `TU/Dudu_Calligraphy(0)/m/sl' undefined
(Font)              using `TU/Dudu_Calligraphy(0)/m/it' instead on input line 1
74.

[53
Missing character: There is no — (U+2014) in font Dudu_Calligraphy:mode=node;l
anguage=dflt;+tlig;!
Missing character: There is no … (U+2026) in font Dudu_Calligraphy:mode=node;l
anguage=dflt;+tlig;!
Missing character: There is no — (U+2014) in font Dudu_Calligraphy:mode=node;l
anguage=dflt;+tlig;!
Missing character: There is no — (U+2014) in font Dudu_Calligraphy:mode=node;l
anguage=dflt;+tlig;!
Missing character: There is no — (U+2014) in font Dudu_Calligraphy:mode=node;l
anguage=dflt;+tlig;!
Missing character: There is no — (U+2014) in font Dudu_Calligraphy:mode=node;l
anguage=dflt;+tlig;!
]
Underfull \vbox (badness 10000) has occurred while \output is active []



LaTeX Font Warning: Font shape `TU/Dudu_Calligraphy(0)/m/sl' undefined
(Font)              using `TU/Dudu_Calligraphy(0)/m/it' instead on input line 2
09.

[54
Missing character: There is no — (U+2014) in font Dudu_Calligraphy:mode=node;l
anguage=dflt;+tlig;!
Missing character: There is no — (U+2014) in font Dudu_Calligraphy:mode=node;l
anguage=dflt;+tlig;!
Missing character: There is no — (U+2014) in font Dudu_Calligraphy:mode=node;l
anguage=dflt;+tlig;!
Missing character: There is no — (U+2014) in font Dudu_Calligraphy:mode=node;l
anguage=dflt;+tlig;!
Missing character: There is no … (U+2026) in font Dudu_Calligraphy:mode=node;l
anguage=dflt;+tlig;!
Missing character: There is no — (U+2014) in font Dudu_Calligraphy:mode=node;l
anguage=dflt;+tlig;!
Missing character: There is no — (U+2014) in font Dudu_Calligraphy:mode=node;l
anguage=dflt;+tlig;!
Missing character: There is no … (U+2026) in font Dudu_Calligraphy:mode=node;l
anguage=dflt;+tlig;!
]
File: res/images/screenshots/20260107_002717_Zangi.jpg Graphic file (type jpg)
<use res/images/screenshots/20260107_002717_Zangi.jpg>
Package luatex.def Info: res/images/screenshots/20260107_002717_Zangi.jpg  used
 on input line 222.
(luatex.def)             Requested size: 722.69823pt x 1605.99611pt.
File: res/images/screenshots/20260107_002717_Zangi.jpg Graphic file (type jpg)
<use res/images/screenshots/20260107_002717_Zangi.jpg>
Package luatex.def Info: res/images/screenshots/20260107_002717_Zangi.jpg  used
 on input line 222.
(luatex.def)             Requested size: 722.69823pt x 1605.99611pt.
File: res/images/screenshots/20260107_002717_Zangi.jpg Graphic file (type jpg)
<use res/images/screenshots/20260107_002717_Zangi.jpg>
Package luatex.def Info: res/images/screenshots/20260107_002717_Zangi.jpg  used
 on input line 222.
(luatex.def)             Requested size: 260.32619pt x 578.50266pt.


LaTeX Font Warning: Font shape `TU/Dudu_Calligraphy(0)/m/sl' undefined
(Font)              using `TU/Dudu_Calligraphy(0)/m/it' instead on input line 2
22.

[55
Missing character: There is no — (U+2014) in font Dudu_Calligraphy:mode=node;l
anguage=dflt;+tlig;!
]
File: res/images/screenshots/20260107_002717_Zangi.jpg Graphic file (type jpg)
<use res/images/screenshots/20260107_002717_Zangi.jpg>
Package luatex.def Info: res/images/screenshots/20260107_002717_Zangi.jpg  used
 on input line 222.
(luatex.def)             Requested size: 260.32619pt x 578.50266pt.
File: res/images/screenshots/20260107_002717_Zangi.jpg Graphic file (type jpg)
<use res/images/screenshots/20260107_002717_Zangi.jpg>
Package luatex.def Info: res/images/screenshots/20260107_002717_Zangi.jpg  used
 on input line 222.
(luatex.def)             Requested size: 260.32619pt x 578.50266pt.
File: res/images/screenshots/20260107_002717_Zangi.jpg Graphic file (type jpg)
<use res/images/screenshots/20260107_002717_Zangi.jpg>
Package luatex.def Info: res/images/screenshots/20260107_002717_Zangi.jpg  used
 on input line 222.
(luatex.def)             Requested size: 260.32619pt x 578.50266pt.
 [56

]
<res/images/screenshots/20260107_002725_Zangi.jpg, id=535, 722.7pt x 1606.0pt>
File: res/images/screenshots/20260107_002725_Zangi.jpg Graphic file (type jpg)
<use res/images/screenshots/20260107_002725_Zangi.jpg>
Package luatex.def Info: res/images/screenshots/20260107_002725_Zangi.jpg  used
 on input line 223.
(luatex.def)             Requested size: 722.69823pt x 1605.99611pt.
File: res/images/screenshots/20260107_002725_Zangi.jpg Graphic file (type jpg)
<use res/images/screenshots/20260107_002725_Zangi.jpg>
Package luatex.def Info: res/images/screenshots/20260107_002725_Zangi.jpg  used
 on input line 223.
(luatex.def)             Requested size: 722.69823pt x 1605.99611pt.
File: res/images/screenshots/20260107_002725_Zangi.jpg Graphic file (type jpg)
<use res/images/screenshots/20260107_002725_Zangi.jpg>
Package luatex.def Info: res/images/screenshots/20260107_002725_Zangi.jpg  used
 on input line 223.
(luatex.def)             Requested size: 260.32619pt x 578.50266pt.
File: res/images/screenshots/20260107_002725_Zangi.jpg Graphic file (type jpg)
<use res/images/screenshots/20260107_002725_Zangi.jpg>
Package luatex.def Info: res/images/screenshots/20260107_002725_Zangi.jpg  used
 on input line 223.
(luatex.def)             Requested size: 260.32619pt x 578.50266pt.
File: res/images/screenshots/20260107_002725_Zangi.jpg Graphic file (type jpg)
<use res/images/screenshots/20260107_002725_Zangi.jpg>
Package luatex.def Info: res/images/screenshots/20260107_002725_Zangi.jpg  used
 on input line 223.
(luatex.def)             Requested size: 260.32619pt x 578.50266pt.
File: res/images/screenshots/20260107_002725_Zangi.jpg Graphic file (type jpg)
<use res/images/screenshots/20260107_002725_Zangi.jpg>
Package luatex.def Info: res/images/screenshots/20260107_002725_Zangi.jpg  used
 on input line 223.
(luatex.def)             Requested size: 260.32619pt x 578.50266pt.
 [57

<./res/images/screenshots/20260107_002725_Zangi.jpg>]
<res/images/screenshots/20260107_002731_Zangi.jpg, id=542, 722.7pt x 1606.0pt>
File: res/images/screenshots/20260107_002731_Zangi.jpg Graphic file (type jpg)
<use res/images/screenshots/20260107_002731_Zangi.jpg>
Package luatex.def Info: res/images/screenshots/20260107_002731_Zangi.jpg  used
 on input line 224.
(luatex.def)             Requested size: 722.69823pt x 1605.99611pt.
File: res/images/screenshots/20260107_002731_Zangi.jpg Graphic file (type jpg)
<use res/images/screenshots/20260107_002731_Zangi.jpg>
Package luatex.def Info: res/images/screenshots/20260107_002731_Zangi.jpg  used
 on input line 224.
(luatex.def)             Requested size: 722.69823pt x 1605.99611pt.
File: res/images/screenshots/20260107_002731_Zangi.jpg Graphic file (type jpg)
<use res/images/screenshots/20260107_002731_Zangi.jpg>
Package luatex.def Info: res/images/screenshots/20260107_002731_Zangi.jpg  used
 on input line 224.
(luatex.def)             Requested size: 260.32619pt x 578.50266pt.
File: res/images/screenshots/20260107_002731_Zangi.jpg Graphic file (type jpg)
<use res/images/screenshots/20260107_002731_Zangi.jpg>
Package luatex.def Info: res/images/screenshots/20260107_002731_Zangi.jpg  used
 on input line 224.
(luatex.def)             Requested size: 260.32619pt x 578.50266pt.
File: res/images/screenshots/20260107_002731_Zangi.jpg Graphic file (type jpg)
<use res/images/screenshots/20260107_002731_Zangi.jpg>
Package luatex.def Info: res/images/screenshots/20260107_002731_Zangi.jpg  used
 on input line 224.
(luatex.def)             Requested size: 260.32619pt x 578.50266pt.
File: res/images/screenshots/20260107_002731_Zangi.jpg Graphic file (type jpg)
<use res/images/screenshots/20260107_002731_Zangi.jpg>
Package luatex.def Info: res/images/screenshots/20260107_002731_Zangi.jpg  used
 on input line 224.
(luatex.def)             Requested size: 260.32619pt x 578.50266pt.
 [58

<./res/images/screenshots/20260107_002731_Zangi.jpg>]
<res/images/screenshots/20260107_002749_Zangi.jpg, id=548, 722.7pt x 1606.0pt>
File: res/images/screenshots/20260107_002749_Zangi.jpg Graphic file (type jpg)
<use res/images/screenshots/20260107_002749_Zangi.jpg>
Package luatex.def Info: res/images/screenshots/20260107_002749_Zangi.jpg  used
 on input line 225.
(luatex.def)             Requested size: 722.69823pt x 1605.99611pt.
File: res/images/screenshots/20260107_002749_Zangi.jpg Graphic file (type jpg)
<use res/images/screenshots/20260107_002749_Zangi.jpg>
Package luatex.def Info: res/images/screenshots/20260107_002749_Zangi.jpg  used
 on input line 225.
(luatex.def)             Requested size: 722.69823pt x 1605.99611pt.
File: res/images/screenshots/20260107_002749_Zangi.jpg Graphic file (type jpg)
<use res/images/screenshots/20260107_002749_Zangi.jpg>
Package luatex.def Info: res/images/screenshots/20260107_002749_Zangi.jpg  used
 on input line 225.
(luatex.def)             Requested size: 260.32619pt x 578.50266pt.
File: res/images/screenshots/20260107_002749_Zangi.jpg Graphic file (type jpg)
<use res/images/screenshots/20260107_002749_Zangi.jpg>
Package luatex.def Info: res/images/screenshots/20260107_002749_Zangi.jpg  used
 on input line 225.
(luatex.def)             Requested size: 260.32619pt x 578.50266pt.
File: res/images/screenshots/20260107_002749_Zangi.jpg Graphic file (type jpg)
<use res/images/screenshots/20260107_002749_Zangi.jpg>
Package luatex.def Info: res/images/screenshots/20260107_002749_Zangi.jpg  used
 on input line 225.
(luatex.def)             Requested size: 260.32619pt x 578.50266pt.
File: res/images/screenshots/20260107_002749_Zangi.jpg Graphic file (type jpg)
<use res/images/screenshots/20260107_002749_Zangi.jpg>
Package luatex.def Info: res/images/screenshots/20260107_002749_Zangi.jpg  used
 on input line 225.
(luatex.def)             Requested size: 260.32619pt x 578.50266pt.
 [59

<./res/images/screenshots/20260107_002749_Zangi.jpg>]
<res/images/screenshots/20260107_002755_Zangi.jpg, id=554, 722.7pt x 1606.0pt>
File: res/images/screenshots/20260107_002755_Zangi.jpg Graphic file (type jpg)
<use res/images/screenshots/20260107_002755_Zangi.jpg>
Package luatex.def Info: res/images/screenshots/20260107_002755_Zangi.jpg  used
 on input line 226.
(luatex.def)             Requested size: 722.69823pt x 1605.99611pt.
File: res/images/screenshots/20260107_002755_Zangi.jpg Graphic file (type jpg)
<use res/images/screenshots/20260107_002755_Zangi.jpg>
Package luatex.def Info: res/images/screenshots/20260107_002755_Zangi.jpg  used
 on input line 226.
(luatex.def)             Requested size: 722.69823pt x 1605.99611pt.
File: res/images/screenshots/20260107_002755_Zangi.jpg Graphic file (type jpg)
<use res/images/screenshots/20260107_002755_Zangi.jpg>
Package luatex.def Info: res/images/screenshots/20260107_002755_Zangi.jpg  used
 on input line 226.
(luatex.def)             Requested size: 260.32619pt x 578.50266pt.
File: res/images/screenshots/20260107_002755_Zangi.jpg Graphic file (type jpg)
<use res/images/screenshots/20260107_002755_Zangi.jpg>
Package luatex.def Info: res/images/screenshots/20260107_002755_Zangi.jpg  used
 on input line 226.
(luatex.def)             Requested size: 260.32619pt x 578.50266pt.
File: res/images/screenshots/20260107_002755_Zangi.jpg Graphic file (type jpg)
<use res/images/screenshots/20260107_002755_Zangi.jpg>
Package luatex.def Info: res/images/screenshots/20260107_002755_Zangi.jpg  used
 on input line 226.
(luatex.def)             Requested size: 260.32619pt x 578.50266pt.
File: res/images/screenshots/20260107_002755_Zangi.jpg Graphic file (type jpg)
<use res/images/screenshots/20260107_002755_Zangi.jpg>
Package luatex.def Info: res/images/screenshots/20260107_002755_Zangi.jpg  used
 on input line 226.
(luatex.def)             Requested size: 260.32619pt x 578.50266pt.
 [60

<./res/images/screenshots/20260107_002755_Zangi.jpg>]
<res/images/screenshots/20260107_002801_Zangi.jpg, id=560, 722.7pt x 1606.0pt>
File: res/images/screenshots/20260107_002801_Zangi.jpg Graphic file (type jpg)
<use res/images/screenshots/20260107_002801_Zangi.jpg>
Package luatex.def Info: res/images/screenshots/20260107_002801_Zangi.jpg  used
 on input line 227.
(luatex.def)             Requested size: 722.69823pt x 1605.99611pt.
File: res/images/screenshots/20260107_002801_Zangi.jpg Graphic file (type jpg)
<use res/images/screenshots/20260107_002801_Zangi.jpg>
Package luatex.def Info: res/images/screenshots/20260107_002801_Zangi.jpg  used
 on input line 227.
(luatex.def)             Requested size: 722.69823pt x 1605.99611pt.
File: res/images/screenshots/20260107_002801_Zangi.jpg Graphic file (type jpg)
<use res/images/screenshots/20260107_002801_Zangi.jpg>
Package luatex.def Info: res/images/screenshots/20260107_002801_Zangi.jpg  used
 on input line 227.
(luatex.def)             Requested size: 260.32619pt x 578.50266pt.
File: res/images/screenshots/20260107_002801_Zangi.jpg Graphic file (type jpg)
<use res/images/screenshots/20260107_002801_Zangi.jpg>
Package luatex.def Info: res/images/screenshots/20260107_002801_Zangi.jpg  used
 on input line 227.
(luatex.def)             Requested size: 260.32619pt x 578.50266pt.
File: res/images/screenshots/20260107_002801_Zangi.jpg Graphic file (type jpg)
<use res/images/screenshots/20260107_002801_Zangi.jpg>
Package luatex.def Info: res/images/screenshots/20260107_002801_Zangi.jpg  used
 on input line 227.
(luatex.def)             Requested size: 260.32619pt x 578.50266pt.
File: res/images/screenshots/20260107_002801_Zangi.jpg Graphic file (type jpg)
<use res/images/screenshots/20260107_002801_Zangi.jpg>
Package luatex.def Info: res/images/screenshots/20260107_002801_Zangi.jpg  used
 on input line 227.
(luatex.def)             Requested size: 260.32619pt x 578.50266pt.

[61

<./res/images/screenshots/20260107_002801_Zangi.jpg>]
<res/images/screenshots/20260107_002807_Zangi.jpg, id=566, 722.7pt x 1606.0pt>
File: res/images/screenshots/20260107_002807_Zangi.jpg Graphic file (type jpg)
<use res/images/screenshots/20260107_002807_Zangi.jpg>
Package luatex.def Info: res/images/screenshots/20260107_002807_Zangi.jpg  used
 on input line 228.
(luatex.def)             Requested size: 722.69823pt x 1605.99611pt.
File: res/images/screenshots/20260107_002807_Zangi.jpg Graphic file (type jpg)
<use res/images/screenshots/20260107_002807_Zangi.jpg>
Package luatex.def Info: res/images/screenshots/20260107_002807_Zangi.jpg  used
 on input line 228.
(luatex.def)             Requested size: 722.69823pt x 1605.99611pt.
File: res/images/screenshots/20260107_002807_Zangi.jpg Graphic file (type jpg)
<use res/images/screenshots/20260107_002807_Zangi.jpg>
Package luatex.def Info: res/images/screenshots/20260107_002807_Zangi.jpg  used
 on input line 228.
(luatex.def)             Requested size: 260.32619pt x 578.50266pt.
File: res/images/screenshots/20260107_002807_Zangi.jpg Graphic file (type jpg)
<use res/images/screenshots/20260107_002807_Zangi.jpg>
Package luatex.def Info: res/images/screenshots/20260107_002807_Zangi.jpg  used
 on input line 228.
(luatex.def)             Requested size: 260.32619pt x 578.50266pt.
File: res/images/screenshots/20260107_002807_Zangi.jpg Graphic file (type jpg)
<use res/images/screenshots/20260107_002807_Zangi.jpg>
Package luatex.def Info: res/images/screenshots/20260107_002807_Zangi.jpg  used
 on input line 228.
(luatex.def)             Requested size: 260.32619pt x 578.50266pt.
File: res/images/screenshots/20260107_002807_Zangi.jpg Graphic file (type jpg)
<use res/images/screenshots/20260107_002807_Zangi.jpg>
Package luatex.def Info: res/images/screenshots/20260107_002807_Zangi.jpg  used
 on input line 228.
(luatex.def)             Requested size: 260.32619pt x 578.50266pt.
 [62

<./res/images/screenshots/20260107_002807_Zangi.jpg>]
<res/images/screenshots/20260107_002812_Zangi.jpg, id=572, 722.7pt x 1606.0pt>
File: res/images/screenshots/20260107_002812_Zangi.jpg Graphic file (type jpg)
<use res/images/screenshots/20260107_002812_Zangi.jpg>
Package luatex.def Info: res/images/screenshots/20260107_002812_Zangi.jpg  used
 on input line 229.
(luatex.def)             Requested size: 722.69823pt x 1605.99611pt.
File: res/images/screenshots/20260107_002812_Zangi.jpg Graphic file (type jpg)
<use res/images/screenshots/20260107_002812_Zangi.jpg>
Package luatex.def Info: res/images/screenshots/20260107_002812_Zangi.jpg  used
 on input line 229.
(luatex.def)             Requested size: 722.69823pt x 1605.99611pt.
File: res/images/screenshots/20260107_002812_Zangi.jpg Graphic file (type jpg)
<use res/images/screenshots/20260107_002812_Zangi.jpg>
Package luatex.def Info: res/images/screenshots/20260107_002812_Zangi.jpg  used
 on input line 229.
(luatex.def)             Requested size: 260.32619pt x 578.50266pt.
File: res/images/screenshots/20260107_002812_Zangi.jpg Graphic file (type jpg)
<use res/images/screenshots/20260107_002812_Zangi.jpg>
Package luatex.def Info: res/images/screenshots/20260107_002812_Zangi.jpg  used
 on input line 229.
(luatex.def)             Requested size: 260.32619pt x 578.50266pt.
File: res/images/screenshots/20260107_002812_Zangi.jpg Graphic file (type jpg)
<use res/images/screenshots/20260107_002812_Zangi.jpg>
Package luatex.def Info: res/images/screenshots/20260107_002812_Zangi.jpg  used
 on input line 229.
(luatex.def)             Requested size: 260.32619pt x 578.50266pt.
File: res/images/screenshots/20260107_002812_Zangi.jpg Graphic file (type jpg)
<use res/images/screenshots/20260107_002812_Zangi.jpg>
Package luatex.def Info: res/images/screenshots/20260107_002812_Zangi.jpg  used
 on input line 229.
(luatex.def)             Requested size: 260.32619pt x 578.50266pt.
 [63

<./res/images/screenshots/20260107_002812_Zangi.jpg>]
<res/images/screenshots/20260107_002819_Zangi.jpg, id=578, 722.7pt x 1606.0pt>
File: res/images/screenshots/20260107_002819_Zangi.jpg Graphic file (type jpg)
<use res/images/screenshots/20260107_002819_Zangi.jpg>
Package luatex.def Info: res/images/screenshots/20260107_002819_Zangi.jpg  used
 on input line 230.
(luatex.def)             Requested size: 722.69823pt x 1605.99611pt.
File: res/images/screenshots/20260107_002819_Zangi.jpg Graphic file (type jpg)
<use res/images/screenshots/20260107_002819_Zangi.jpg>
Package luatex.def Info: res/images/screenshots/20260107_002819_Zangi.jpg  used
 on input line 230.
(luatex.def)             Requested size: 722.69823pt x 1605.99611pt.
File: res/images/screenshots/20260107_002819_Zangi.jpg Graphic file (type jpg)
<use res/images/screenshots/20260107_002819_Zangi.jpg>
Package luatex.def Info: res/images/screenshots/20260107_002819_Zangi.jpg  used
 on input line 230.
(luatex.def)             Requested size: 260.32619pt x 578.50266pt.
File: res/images/screenshots/20260107_002819_Zangi.jpg Graphic file (type jpg)
<use res/images/screenshots/20260107_002819_Zangi.jpg>
Package luatex.def Info: res/images/screenshots/20260107_002819_Zangi.jpg  used
 on input line 230.
(luatex.def)             Requested size: 260.32619pt x 578.50266pt.
File: res/images/screenshots/20260107_002819_Zangi.jpg Graphic file (type jpg)
<use res/images/screenshots/20260107_002819_Zangi.jpg>
Package luatex.def Info: res/images/screenshots/20260107_002819_Zangi.jpg  used
 on input line 230.
(luatex.def)             Requested size: 260.32619pt x 578.50266pt.
File: res/images/screenshots/20260107_002819_Zangi.jpg Graphic file (type jpg)
<use res/images/screenshots/20260107_002819_Zangi.jpg>
Package luatex.def Info: res/images/screenshots/20260107_002819_Zangi.jpg  used
 on input line 230.
(luatex.def)             Requested size: 260.32619pt x 578.50266pt.
 [64

<./res/images/screenshots/20260107_002819_Zangi.jpg>]
<res/images/screenshots/20260107_002825_Zangi.jpg, id=584, 722.7pt x 1606.0pt>
File: res/images/screenshots/20260107_002825_Zangi.jpg Graphic file (type jpg)
<use res/images/screenshots/20260107_002825_Zangi.jpg>
Package luatex.def Info: res/images/screenshots/20260107_002825_Zangi.jpg  used
 on input line 231.
(luatex.def)             Requested size: 722.69823pt x 1605.99611pt.
File: res/images/screenshots/20260107_002825_Zangi.jpg Graphic file (type jpg)
<use res/images/screenshots/20260107_002825_Zangi.jpg>
Package luatex.def Info: res/images/screenshots/20260107_002825_Zangi.jpg  used
 on input line 231.
(luatex.def)             Requested size: 722.69823pt x 1605.99611pt.
File: res/images/screenshots/20260107_002825_Zangi.jpg Graphic file (type jpg)
<use res/images/screenshots/20260107_002825_Zangi.jpg>
Package luatex.def Info: res/images/screenshots/20260107_002825_Zangi.jpg  used
 on input line 231.
(luatex.def)             Requested size: 260.32619pt x 578.50266pt.
File: res/images/screenshots/20260107_002825_Zangi.jpg Graphic file (type jpg)
<use res/images/screenshots/20260107_002825_Zangi.jpg>
Package luatex.def Info: res/images/screenshots/20260107_002825_Zangi.jpg  used
 on input line 231.
(luatex.def)             Requested size: 260.32619pt x 578.50266pt.
File: res/images/screenshots/20260107_002825_Zangi.jpg Graphic file (type jpg)
<use res/images/screenshots/20260107_002825_Zangi.jpg>
Package luatex.def Info: res/images/screenshots/20260107_002825_Zangi.jpg  used
 on input line 231.
(luatex.def)             Requested size: 260.32619pt x 578.50266pt.
File: res/images/screenshots/20260107_002825_Zangi.jpg Graphic file (type jpg)
<use res/images/screenshots/20260107_002825_Zangi.jpg>
Package luatex.def Info: res/images/screenshots/20260107_002825_Zangi.jpg  used
 on input line 231.
(luatex.def)             Requested size: 260.32619pt x 578.50266pt.
 [65

<./res/images/screenshots/20260107_002825_Zangi.jpg>]
<res/images/screenshots/20260107_002830_Zangi.jpg, id=590, 722.7pt x 1606.0pt>
File: res/images/screenshots/20260107_002830_Zangi.jpg Graphic file (type jpg)
<use res/images/screenshots/20260107_002830_Zangi.jpg>
Package luatex.def Info: res/images/screenshots/20260107_002830_Zangi.jpg  used
 on input line 232.
(luatex.def)             Requested size: 722.69823pt x 1605.99611pt.
File: res/images/screenshots/20260107_002830_Zangi.jpg Graphic file (type jpg)
<use res/images/screenshots/20260107_002830_Zangi.jpg>
Package luatex.def Info: res/images/screenshots/20260107_002830_Zangi.jpg  used
 on input line 232.
(luatex.def)             Requested size: 722.69823pt x 1605.99611pt.
File: res/images/screenshots/20260107_002830_Zangi.jpg Graphic file (type jpg)
<use res/images/screenshots/20260107_002830_Zangi.jpg>
Package luatex.def Info: res/images/screenshots/20260107_002830_Zangi.jpg  used
 on input line 232.
(luatex.def)             Requested size: 260.32619pt x 578.50266pt.
File: res/images/screenshots/20260107_002830_Zangi.jpg Graphic file (type jpg)
<use res/images/screenshots/20260107_002830_Zangi.jpg>
Package luatex.def Info: res/images/screenshots/20260107_002830_Zangi.jpg  used
 on input line 232.
(luatex.def)             Requested size: 260.32619pt x 578.50266pt.
File: res/images/screenshots/20260107_002830_Zangi.jpg Graphic file (type jpg)
<use res/images/screenshots/20260107_002830_Zangi.jpg>
Package luatex.def Info: res/images/screenshots/20260107_002830_Zangi.jpg  used
 on input line 232.
(luatex.def)             Requested size: 260.32619pt x 578.50266pt.
File: res/images/screenshots/20260107_002830_Zangi.jpg Graphic file (type jpg)
<use res/images/screenshots/20260107_002830_Zangi.jpg>
Package luatex.def Info: res/images/screenshots/20260107_002830_Zangi.jpg  used
 on input line 232.
(luatex.def)             Requested size: 260.32619pt x 578.50266pt.
 [66

<./res/images/screenshots/20260107_002830_Zangi.jpg>]
<res/images/screenshots/20260107_002835_Zangi.jpg, id=596, 722.7pt x 1606.0pt>
File: res/images/screenshots/20260107_002835_Zangi.jpg Graphic file (type jpg)
<use res/images/screenshots/20260107_002835_Zangi.jpg>
Package luatex.def Info: res/images/screenshots/20260107_002835_Zangi.jpg  used
 on input line 233.
(luatex.def)             Requested size: 722.69823pt x 1605.99611pt.
File: res/images/screenshots/20260107_002835_Zangi.jpg Graphic file (type jpg)
<use res/images/screenshots/20260107_002835_Zangi.jpg>
Package luatex.def Info: res/images/screenshots/20260107_002835_Zangi.jpg  used
 on input line 233.
(luatex.def)             Requested size: 722.69823pt x 1605.99611pt.
File: res/images/screenshots/20260107_002835_Zangi.jpg Graphic file (type jpg)
<use res/images/screenshots/20260107_002835_Zangi.jpg>
Package luatex.def Info: res/images/screenshots/20260107_002835_Zangi.jpg  used
 on input line 233.
(luatex.def)             Requested size: 260.32619pt x 578.50266pt.
File: res/images/screenshots/20260107_002835_Zangi.jpg Graphic file (type jpg)
<use res/images/screenshots/20260107_002835_Zangi.jpg>
Package luatex.def Info: res/images/screenshots/20260107_002835_Zangi.jpg  used
 on input line 233.
(luatex.def)             Requested size: 260.32619pt x 578.50266pt.
File: res/images/screenshots/20260107_002835_Zangi.jpg Graphic file (type jpg)
<use res/images/screenshots/20260107_002835_Zangi.jpg>
Package luatex.def Info: res/images/screenshots/20260107_002835_Zangi.jpg  used
 on input line 233.
(luatex.def)             Requested size: 260.32619pt x 578.50266pt.
File: res/images/screenshots/20260107_002835_Zangi.jpg Graphic file (type jpg)
<use res/images/screenshots/20260107_002835_Zangi.jpg>
Package luatex.def Info: res/images/screenshots/20260107_002835_Zangi.jpg  used
 on input line 233.
(luatex.def)             Requested size: 260.32619pt x 578.50266pt.
 [67

<./res/images/screenshots/20260107_002835_Zangi.jpg>]
<res/images/screenshots/20260107_002844_Zangi.jpg, id=603, 722.7pt x 1606.0pt>
File: res/images/screenshots/20260107_002844_Zangi.jpg Graphic file (type jpg)
<use res/images/screenshots/20260107_002844_Zangi.jpg>
Package luatex.def Info: res/images/screenshots/20260107_002844_Zangi.jpg  used
 on input line 234.
(luatex.def)             Requested size: 722.69823pt x 1605.99611pt.
File: res/images/screenshots/20260107_002844_Zangi.jpg Graphic file (type jpg)
<use res/images/screenshots/20260107_002844_Zangi.jpg>
Package luatex.def Info: res/images/screenshots/20260107_002844_Zangi.jpg  used
 on input line 234.
(luatex.def)             Requested size: 722.69823pt x 1605.99611pt.
File: res/images/screenshots/20260107_002844_Zangi.jpg Graphic file (type jpg)
<use res/images/screenshots/20260107_002844_Zangi.jpg>
Package luatex.def Info: res/images/screenshots/20260107_002844_Zangi.jpg  used
 on input line 234.
(luatex.def)             Requested size: 260.32619pt x 578.50266pt.
File: res/images/screenshots/20260107_002844_Zangi.jpg Graphic file (type jpg)
<use res/images/screenshots/20260107_002844_Zangi.jpg>
Package luatex.def Info: res/images/screenshots/20260107_002844_Zangi.jpg  used
 on input line 234.
(luatex.def)             Requested size: 260.32619pt x 578.50266pt.
File: res/images/screenshots/20260107_002844_Zangi.jpg Graphic file (type jpg)
<use res/images/screenshots/20260107_002844_Zangi.jpg>
Package luatex.def Info: res/images/screenshots/20260107_002844_Zangi.jpg  used
 on input line 234.
(luatex.def)             Requested size: 260.32619pt x 578.50266pt.
File: res/images/screenshots/20260107_002844_Zangi.jpg Graphic file (type jpg)
<use res/images/screenshots/20260107_002844_Zangi.jpg>
Package luatex.def Info: res/images/screenshots/20260107_002844_Zangi.jpg  used
 on input line 234.
(luatex.def)             Requested size: 260.32619pt x 578.50266pt.
 [68

<./res/images/screenshots/20260107_002844_Zangi.jpg>]
<res/images/screenshots/20260107_002849_Zangi.jpg, id=609, 722.7pt x 1606.0pt>
File: res/images/screenshots/20260107_002849_Zangi.jpg Graphic file (type jpg)
<use res/images/screenshots/20260107_002849_Zangi.jpg>
Package luatex.def Info: res/images/screenshots/20260107_002849_Zangi.jpg  used
 on input line 235.
(luatex.def)             Requested size: 722.69823pt x 1605.99611pt.
File: res/images/screenshots/20260107_002849_Zangi.jpg Graphic file (type jpg)
<use res/images/screenshots/20260107_002849_Zangi.jpg>
Package luatex.def Info: res/images/screenshots/20260107_002849_Zangi.jpg  used
 on input line 235.
(luatex.def)             Requested size: 722.69823pt x 1605.99611pt.
File: res/images/screenshots/20260107_002849_Zangi.jpg Graphic file (type jpg)
<use res/images/screenshots/20260107_002849_Zangi.jpg>
Package luatex.def Info: res/images/screenshots/20260107_002849_Zangi.jpg  used
 on input line 235.
(luatex.def)             Requested size: 260.32619pt x 578.50266pt.
File: res/images/screenshots/20260107_002849_Zangi.jpg Graphic file (type jpg)
<use res/images/screenshots/20260107_002849_Zangi.jpg>
Package luatex.def Info: res/images/screenshots/20260107_002849_Zangi.jpg  used
 on input line 235.
(luatex.def)             Requested size: 260.32619pt x 578.50266pt.
File: res/images/screenshots/20260107_002849_Zangi.jpg Graphic file (type jpg)
<use res/images/screenshots/20260107_002849_Zangi.jpg>
Package luatex.def Info: res/images/screenshots/20260107_002849_Zangi.jpg  used
 on input line 235.
(luatex.def)             Requested size: 260.32619pt x 578.50266pt.
File: res/images/screenshots/20260107_002849_Zangi.jpg Graphic file (type jpg)
<use res/images/screenshots/20260107_002849_Zangi.jpg>
Package luatex.def Info: res/images/screenshots/20260107_002849_Zangi.jpg  used
 on input line 235.
(luatex.def)             Requested size: 260.32619pt x 578.50266pt.
 [69

<./res/images/screenshots/20260107_002849_Zangi.jpg>]
<res/images/screenshots/20260107_002854_Zangi.jpg, id=615, 722.7pt x 1606.0pt>
File: res/images/screenshots/20260107_002854_Zangi.jpg Graphic file (type jpg)
<use res/images/screenshots/20260107_002854_Zangi.jpg>
Package luatex.def Info: res/images/screenshots/20260107_002854_Zangi.jpg  used
 on input line 236.
(luatex.def)             Requested size: 722.69823pt x 1605.99611pt.
File: res/images/screenshots/20260107_002854_Zangi.jpg Graphic file (type jpg)
<use res/images/screenshots/20260107_002854_Zangi.jpg>
Package luatex.def Info: res/images/screenshots/20260107_002854_Zangi.jpg  used
 on input line 236.
(luatex.def)             Requested size: 722.69823pt x 1605.99611pt.
File: res/images/screenshots/20260107_002854_Zangi.jpg Graphic file (type jpg)
<use res/images/screenshots/20260107_002854_Zangi.jpg>
Package luatex.def Info: res/images/screenshots/20260107_002854_Zangi.jpg  used
 on input line 236.
(luatex.def)             Requested size: 260.32619pt x 578.50266pt.
File: res/images/screenshots/20260107_002854_Zangi.jpg Graphic file (type jpg)
<use res/images/screenshots/20260107_002854_Zangi.jpg>
Package luatex.def Info: res/images/screenshots/20260107_002854_Zangi.jpg  used
 on input line 236.
(luatex.def)             Requested size: 260.32619pt x 578.50266pt.
File: res/images/screenshots/20260107_002854_Zangi.jpg Graphic file (type jpg)
<use res/images/screenshots/20260107_002854_Zangi.jpg>
Package luatex.def Info: res/images/screenshots/20260107_002854_Zangi.jpg  used
 on input line 236.
(luatex.def)             Requested size: 260.32619pt x 578.50266pt.
File: res/images/screenshots/20260107_002854_Zangi.jpg Graphic file (type jpg)
<use res/images/screenshots/20260107_002854_Zangi.jpg>
Package luatex.def Info: res/images/screenshots/20260107_002854_Zangi.jpg  used
 on input line 236.
(luatex.def)             Requested size: 260.32619pt x 578.50266pt.
 [70

<./res/images/screenshots/20260107_002854_Zangi.jpg>])
\openout2 = src/entries/2026/20260107.aux
 (./src/entries/2026/2026
0107.tex

LaTeX Font Warning: Font shape `TU/Dudu_Calligraphy(0)/m/sl' undefined
(Font)              using `TU/Dudu_Calligraphy(0)/m/it' instead on input line 3
7.

[71




Missing character: There is no — (U+2014) in font Dudu_Calligraphy:mode=node;l
anguage=dflt;+tlig;!
Missing character: There is no … (U+2026) in font Dudu_Calligraphy:mode=node;l
anguage=dflt;+tlig;!
Missing character: There is no … (U+2026) in font Dudu_Calligraphy:mode=node;l
anguage=dflt;+tlig;!
Missing character: There is no … (U+2026) in font Dudu_Calligraphy:mode=node;l
anguage=dflt;+tlig;!
Missing character: There is no — (U+2014) in font Dudu_Calligraphy:mode=node;l
anguage=dflt;+tlig;!
Missing character: There is no — (U+2014) in font Dudu_Calligraphy:mode=node;l
anguage=dflt;+tlig;!
Missing character: There is no — (U+2014) in font Dudu_Calligraphy:mode=node;l
anguage=dflt;+tlig;!
Missing character: There is no … (U+2026) in font Dudu_Calligraphy:mode=node;l
anguage=dflt;+tlig;!
Missing character: There is no — (U+2014) in font Dudu_Calligraphy:mode=node;l
anguage=dflt;+tlig;!
Missing character: There is no — (U+2014) in font Dudu_Calligraphy:mode=node;l
anguage=dflt;+tlig;!
Missing character: There is no … (U+2026) in font Dudu_Calligraphy:mode=node;l
anguage=dflt;+tlig;!
]

LaTeX Font Warning: Font shape `TU/Dudu_Calligraphy(0)/m/sl' undefined
(Font)              using `TU/Dudu_Calligraphy(0)/m/it' instead on input line 7
7.

[72
Missing character: There is no — (U+2014) in font Dudu_Calligraphy:mode=node;l
anguage=dflt;+tlig;!
Missing character: There is no … (U+2026) in font Dudu_Calligraphy:mode=node;l
anguage=dflt;+tlig;!
Missing character: There is no … (U+2026) in font Dudu_Calligraphy:mode=node;l
anguage=dflt;+tlig;!
Missing character: There is no — (U+2014) in font Dudu_Calligraphy:mode=node;l
anguage=dflt;+tlig;!
Missing character: There is no — (U+2014) in font Dudu_Calligraphy:mode=node;l
anguage=dflt;+tlig;!
]

LaTeX Font Warning: Font shape `TU/Dudu_Calligraphy(0)/m/sl' undefined
(Font)              using `TU/Dudu_Calligraphy(0)/m/it' instead on input line 1
22.

[73
Missing character: There is no — (U+2014) in font Dudu_Calligraphy:mode=node;l
anguage=dflt;+tlig;!
Missing character: There is no — (U+2014) in font Dudu_Calligraphy:mode=node;l
anguage=dflt;+tlig;!
Missing character: There is no … (U+2026) in font Dudu_Calligraphy:mode=node;l
anguage=dflt;+tlig;!
Missing character: There is no — (U+2014) in font Dudu_Calligraphy:mode=node;l
anguage=dflt;+tlig;!
Missing character: There is no — (U+2014) in font Dudu_Calligraphy:mode=node;l
anguage=dflt;+tlig;!
Missing character: There is no — (U+2014) in font Dudu_Calligraphy:mode=node;l
anguage=dflt;+tlig;!
Missing character: There is no — (U+2014) in font Dudu_Calligraphy:mode=node;l
anguage=dflt;+tlig;!
Missing character: There is no — (U+2014) in font Dudu_Calligraphy:mode=node;l
anguage=dflt;+tlig;!
Missing character: There is no — (U+2014) in font Dudu_Calligraphy:mode=node;l
anguage=dflt;+tlig;!
Missing character: There is no — (U+2014) in font Dudu_Calligraphy:mode=node;l
anguage=dflt;+tlig;!
Missing character: There is no — (U+2014) in font Dudu_Calligraphy:mode=node;l
anguage=dflt;+tlig;!
]

LaTeX Font Warning: Font shape `TU/Dudu_Calligraphy(0)/m/sl' undefined
(Font)              using `TU/Dudu_Calligraphy(0)/m/it' instead on input line 1
68.

[74
Missing character: There is no — (U+2014) in font Dudu_Calligraphy:mode=node;l
anguage=dflt;+tlig;!
Missing character: There is no — (U+2014) in font Dudu_Calligraphy:mode=node;l
anguage=dflt;+tlig;!
]

LaTeX Font Warning: Font shape `TU/Dudu_Calligraphy(0)/m/sl' undefined
(Font)              using `TU/Dudu_Calligraphy(0)/m/it' instead on input line 2
10.

[75
Missing character: There is no — (U+2014) in font Dudu_Calligraphy:mode=node;l
anguage=dflt;+tlig;!
Missing character: There is no — (U+2014) in font Dudu_Calligraphy:mode=node;l
anguage=dflt;+tlig;!
Missing character: There is no — (U+2014) in font Dudu_Calligraphy:mode=node;l
anguage=dflt;+tlig;!
])

LaTeX Font Warning: Font shape `TU/Dudu_Calligraphy(0)/m/sl' undefined
(Font)              using `TU/Dudu_Calligraphy(0)/m/it' instead on input line 9
.

[76
Missing character: There is no … (U+2026) in font Dudu_Calligraphy:mode=node;l
anguage=dflt;+tlig;!
]
\openout2 = src/entries/2026/20260113.aux
 (./src/entries/2026/20260113.tex

LaTeX Font Warning: Font shape `TU/Dudu_Calligraphy(0)/m/sl' undefined
(Font)              using `TU/Dudu_Calligraphy(0)/m/it' instead on input line 3
8.

[77



])

LaTeX Font Warning: Font shape `TU/Dudu_Calligraphy(0)/m/sl' undefined
(Font)              using `TU/Dudu_Calligraphy(0)/m/it' instead on input line 1
0.

[78
Missing character: There is no — (U+2014) in font Dudu_Calligraphy:mode=node;l
anguage=dflt;+tlig;!
]) (./src/Notes.tex [79



]
Chapter 1.
[80

]) (./src/_Ending.tex

LaTeX Font Warning: Font shape `TU/Dudu_Calligraphy(0)/m/sl' undefined
(Font)              using `TU/Dudu_Calligraphy(0)/m/it' instead on input line 2
.

[81] [82

]) (./main.aux (./src/entries/2025/20251122.aux)
(./src/entries/2025/20251213.aux) (./src/entries/2026/20260105.aux)
(./src/entries/2026/20260106.aux) (./src/entries/2026/20260107.aux)
(./src/entries/2026/20260113.aux))
 ***********
LaTeX2e <2023-11-01> patch level 1
L3 programming layer <2024-01-04>
 ***********


LaTeX Font Warning: Some font shapes were not available, defaults substituted.

Package rerunfilecheck Info: File `main.out' has not changed.
(rerunfilecheck)             Checksum: B5DFE65E9BC13222669A25C68E55CB44;6890.
)

Here is how much of LuaTeX's memory you used:
 15670 strings out of 476497
 125027,1977958 words of node,token memory allocated
 490 words of node memory still in use:
   3 hlist, 1 vlist, 1 rule, 3 mark, 2 glue, 3 kern, 1 glyph, 16 attribute, 55 g
lue_spec, 9 attribute_list, 3 write nodes
   avail lists: 1:1,2:487,3:226,4:50,5:144,6:74,7:4621,8:2,9:233,10:9,11:198
 36802 multiletter control sequences out of 65536+600000
 48 fonts using 2463455 bytes
 79i,17n,89p,994b,503s stack positions out of 10000i,1000n,20000p,200000b,200000s
<./dudu_calligraphy.ttf>
Output written on main.pdf (86 pages, 4855570 bytes).

PDF statistics: 689 PDF objects out of 1000 (max. 8388607)
 169 named destinations out of 1000 (max. 131072)
 401 words of extra memory for PDF output out of 10000 (max. 100000000)

