\BOOKMARK [-1][-]{part*.3}{\376\377\000T\000h\000e\000\040\000B\000e\000g\000i\000n\000n\000i\000n\000g}{}% 1
\BOOKMARK [0][-]{section*.4}{\376\377\000H\000e\000l\000l\000o\000\040\000t\000h\000e\000r\000e\000!}{part*.3}% 2
\BOOKMARK [1][-]{section*.5}{\376\377\000H\000o\000w\000\040\000t\000o\000\040\000r\000e\000a\000d\000\040\000t\000h\000i\000s\000?}{section*.4}% 3
\BOOKMARK [1][-]{section*.6}{\376\377\000W\000h\000a\000t\000\040\000i\000s\000\040\000t\000h\000i\000s\000\040\000t\000h\000i\000n\000g\000?}{section*.4}% 4
\BOOKMARK [1][-]{section*.7}{\376\377\000T\000h\000e\000\040\000m\000a\000n\000y\000\040\000m\000a\000n\000y\000\040\000p\000a\000r\000t\000s\000.}{section*.4}% 5
\BOOKMARK [1][-]{section*.8}{\376\377\000Y\000o\000u\000r\000\040\000n\000a\000m\000e\000\040\000i\000s\000.\000.\000.}{section*.4}% 6
\BOOKMARK [1][-]{section*.9}{\376\377\000F\000i\000n\000a\000l\000\040\000N\000o\000t\000e\000s\000\040\000\050\000a\000k\000a\000\040\000t\000h\000e\000\040\000c\000h\000e\000e\000s\000y\000\040\000o\000u\000t\000r\000o\000\051}{section*.4}% 7
\BOOKMARK [-1][-]{part*.11}{\376\377\000Q\000u\000o\000t\000e\000s}{}% 8
\BOOKMARK [-1][-]{part*.13}{\376\377\000W\000O\000R\000K\000I\000N\000G\000\040\000E\000N\000T\000R\000I\000E\000S}{}% 9
\BOOKMARK [-1][-]{part.1}{\376\377\000I\000\040\0002\0000\0000\0002\000\040\000-\000\040\0002\0000\0002\0003}{}% 10
\BOOKMARK [-1][-]{part.2}{\376\377\000I\000I\000\040\0002\0000\0002\0004}{}% 11
\BOOKMARK [0][-]{chapter*.15}{\376\377\000B\000e\000f\000o\000r\000e\000\040\000t\000h\000e\000\040\000S\000t\000o\000r\000m}{part.2}% 12
\BOOKMARK [0][-]{chapter*.17}{\376\377\000T\000h\000e\000\040\000S\000t\000o\000r\000m}{part.2}% 13
\BOOKMARK [0][-]{chapter*.19}{\376\377\000B\000r\000o\000o\000k\000e}{part.2}% 14
\BOOKMARK [0][-]{chapter*.21}{\376\377\000H\000e\000n\000k\000a\000\040\000\046\000\040\000H\000i\000k\000i\000n\000g}{part.2}% 15
\BOOKMARK [0][-]{chapter*.23}{\376\377\000K\000r\000i\000s\000t\000a}{part.2}% 16
\BOOKMARK [0][-]{chapter*.25}{\376\377\000T\000a\000b\000a\000c\000u\000d\000o\000s\000\040\000I}{part.2}% 17
\BOOKMARK [0][-]{chapter*.27}{\376\377\000M\000a\000k\000a}{part.2}% 18
\BOOKMARK [0][-]{chapter*.29}{\376\377\000L\000o\000s\000\040\000T\000a\000b\000a\000c\000u\000d\000o\000s}{part.2}% 19
\BOOKMARK [0][-]{chapter*.31}{\376\377\000M\000a\000n\000d\000s}{part.2}% 20
\BOOKMARK [0][-]{chapter*.33}{\376\377\000M\000a\000n\000y\000\040\000M\000i\000s\000t\000a\000k\000e\000s}{part.2}% 21
\BOOKMARK [0][-]{chapter*.35}{\376\377\000G\000i\000a\000n\000g\000i\000a\000r\000d}{part.2}% 22
\BOOKMARK [0][-]{chapter*.37}{\376\377\000G\000o\000i\000n\000g\000\040\000t\000o\000\040\000T\000a\000u\000b\000a\000t\000\351}{part.2}% 23
\BOOKMARK [-1][-]{part.3}{\376\377\000I\000I\000I\000\040\0002\0000\0002\0005}{}% 24
\BOOKMARK [0][-]{chapter*.39}{\376\377\000T\000a\000u\000b\000a\000t\000\351}{part.3}% 25
\BOOKMARK [0][-]{chapter*.41}{\376\377\000F\000a\000c\000a\000d\000a\000\040\000H\000o\000u\000s\000e}{part.3}% 26
\BOOKMARK [0][-]{chapter*.43}{\376\377\000S\000a\000i\000l\000o\000r}{part.3}% 27
\BOOKMARK [0][-]{chapter*.45}{\376\377\000B\000i\000r\000t\000h\000d\000a\000y\000\040\000\050\0002\0000\0002\0005\000\051}{part.3}% 28
\BOOKMARK [0][-]{chapter*.47}{\376\377\000G\000e\000h}{part.3}% 29
\BOOKMARK [0][-]{chapter*.49}{\376\377\000S\000a\000b\000a\000g\000\364\000i}{part.3}% 30
\BOOKMARK [0][-]{chapter*.51}{\376\377\000.\000.\000.}{part.3}% 31
\BOOKMARK [0][-]{chapter*.53}{\376\377\000P\000e\000t\000r\000o\000l\000a\000n\000d\000i\000a\000\040\000W\000e\000e\000k}{part.3}% 32
\BOOKMARK [0][-]{chapter*.55}{\376\377\000R\000o\000c\000k\000\040\000'\000n\000\040\000W\000o\000w}{part.3}% 33
\BOOKMARK [0][-]{chapter*.57}{\376\377\000P\000e\000t\000r\000o\000v\000a}{part.3}% 34
\BOOKMARK [0][-]{chapter*.59}{\376\377\000H\000a\000l\000f\000\040\000M\000e\000a\000s\000u\000r\000e\000s}{part.3}% 35
\BOOKMARK [0][-]{chapter*.61}{\376\377\000J\000a\000i\000n\000y}{part.3}% 36
\BOOKMARK [1][-]{section*.62}{\376\377\000N\000o\000v\000\040\0002\0002\000\040\000-\000\040\000C\000a\000a\000t\000i\000n\000g\000e\000e\000k\000\040\0002\0000\0002\0005\000\040\000\050\000D\000a\000y\000\040\0001\000\051}{chapter*.61}% 37
\BOOKMARK [0][-]{chapter*.64}{\376\377\000[\000U\000n\000n\000a\000m\000e\000d\000]}{part.3}% 38
\BOOKMARK [1][-]{section*.65}{\376\377\000D\000e\000c\000\040\0001\0002\000\040\000-\000\040\000J\000a\000i\000n\000y\000\040\000a\000n\000d\000\040\000R\000a\000f\000a\000'\000s\000\040\000H\000i\000d\000d\000e\000n\000\040\000M\000e\000e\000t\000i\000n\000g}{chapter*.64}% 39
\BOOKMARK [-1][-]{part.4}{\376\377\000I\000V\000\040\0002\0000\0002\0006}{}% 40
\BOOKMARK [0][-]{chapter*.67}{\376\377\000M\000i\000d\000n\000i\000g\000h\000t}{part.4}% 41
\BOOKMARK [1][-]{section*.68}{\376\377\000J\000a\000n\000\040\0000\0005\000\040\000-\000\040\000G\000r\000a\000p\000e\000\040\000D\000e\000s\000s\000e\000r\000t\000,\000\040\000J\000B\000\040\000G\000a\000m\000e\000,\000\040\000a\000n\000d\000\040\000J\000B\000\040\000U\000n\000t\000a\000l\000k}{chapter*.67}% 42
\BOOKMARK [1][-]{section*.69}{\376\377\000J\000a\000n\000\040\0000\0006\000\040\000-\000\040\000J\000a\000i\000n\000y\000\040\000K\000i\000s\000s\000e\000d\000\040\000C\000o\000n\000f\000e\000s\000s\000e\000d}{chapter*.67}% 43
\BOOKMARK [1][-]{section*.70}{\376\377\000J\000a\000n\000\040\0000\0007\000\040\000-\000\040\000L\000\351\000u\000\040\000w\000a\000s\000\040\000r\000u\000n\000\040\000o\000v\000e\000r\000.\000\040\000N\000o\000\040\000M\000o\000r\000e\000\040\000J\000\040\000T\000o\000o}{chapter*.67}% 44
\BOOKMARK [1][-]{section*.71}{\376\377\000J\000a\000n\000\040\0001\0003\000\040\000-\000\040\000J\000a\000i\000n\000y\000'\000s\000\040\000L\000a\000s\000t\000\040\000T\000i\000m\000e\000\040\000H\000e\000r\000e\000\040\000a\000n\000d\000\040\000D\000i\000s\000g\000u\000s\000t\000i\000n\000g\000\040\000E\000x\000c\000u\000s\000e\000s}{chapter*.67}% 45
\BOOKMARK [2][-]{section*.72}{\376\377\000-\000\040\000L\000a\000s\000t\000\040\000L\000e\000t\000t\000e\000r\000\040\000T\000o\000\040\000J\000a\000i\000n\000y}{section*.71}% 46
\BOOKMARK [-1][-]{part.5}{\376\377\000V\000\040\000N\000o\000t\000e\000s}{}% 47
\BOOKMARK [0][-]{chapter.1}{\376\377\000C\000o\000o\000k\000i\000n\000g}{part.5}% 48
\BOOKMARK [1][-]{section.1.1}{\376\377\000S\000e\000p\000\040\0003\0000\000,\000\040\0002\0000\0002\0005\000\040\000-\000\040\000M\000a\000c\000a\000r\000r\000\343\000o\000\040\000R\000\341\000p\000i\000d\000o\000\040\000c\000o\000m\000\040\000C\000a\000l\000s\000o\000\040\000d\000e\000\040\000F\000r\000a\000n\000g\000o}{chapter.1}% 49
\BOOKMARK [1][-]{section.1.2}{\376\377\000N\000o\000v\000\040\0000\0004\000,\000\040\0002\0000\0002\0005\000\040\000-\000\040\000M\000o\000u\000s\000s\000e\000\040\000d\000e\000\040\000M\000a\000r\000a\000c\000u\000j\000a}{chapter.1}% 50
